"C:/Users/CHADALAK/Documents/GitHub/Game/TitanBots/TitanBots.uproject" 1
"../../../Engine/Plugins/2D/Paper2D/Paper2D.uplugin" 2
"../../../Engine/Plugins/Blendables/LightPropagationVolume/LightPropagationVolume.uplugin" 3
"../../../Engine/Plugins/Developer/BlankPlugin/BlankPlugin.uplugin" 4
"../../../Engine/Plugins/Developer/CodeLiteSourceCodeAccess/CodeLiteSourceCodeAccess.uplugin" 5
"../../../Engine/Plugins/Developer/GitSourceControl/GitSourceControl.uplugin" 6
"../../../Engine/Plugins/Developer/KDevelopSourceCodeAccess/KDevelopSourceCodeAccess.uplugin" 7
"../../../Engine/Plugins/Developer/NullSourceCodeAccess/NullSourceCodeAccess.uplugin" 8
"../../../Engine/Plugins/Developer/OneSkyLocalizationService/OneSkyLocalizationService.uplugin" 9
"../../../Engine/Plugins/Developer/PerforceSourceControl/PerforceSourceControl.uplugin" 10
"../../../Engine/Plugins/Developer/SubversionSourceControl/SubversionSourceControl.uplugin" 11
"../../../Engine/Plugins/Developer/UObjectPlugin/UObjectPlugin.uplugin" 12
"../../../Engine/Plugins/Developer/VisualStudioSourceCodeAccess/VisualStudioSourceCodeAccess.uplugin" 13
"../../../Engine/Plugins/Developer/XCodeSourceCodeAccess/XCodeSourceCodeAccess.uplugin" 14
"../../../Engine/Plugins/Editor/EpicSurvey/EpicSurvey.uplugin" 15
"../../../Engine/Plugins/Editor/MacGraphicsSwitching/MacGraphicsSwitching.uplugin" 16
"../../../Engine/Plugins/Editor/PluginBrowser/PluginBrowser.uplugin" 17
"../../../Engine/Plugins/Editor/SpeedTreeImporter/SpeedTreeImporter.uplugin" 18
"../../../Engine/Plugins/Experimental/BlueprintStats/BlueprintStats.uplugin" 19
"../../../Engine/Plugins/Experimental/CharacterAI/CharacterAI.uplugin" 20
"../../../Engine/Plugins/Experimental/CodeEditor/CodeEditor.uplugin" 21
"../../../Engine/Plugins/Experimental/CodeView/CodeView.uplugin" 22
"../../../Engine/Plugins/Experimental/HTML5Networking/HTML5Networking.uplugin" 23
"../../../Engine/Plugins/Experimental/LiveEditor/LiveEditor.uplugin" 24
"../../../Engine/Plugins/Experimental/Phya/Phya.uplugin" 25
"../../../Engine/Plugins/Experimental/SimpleHMD/SimpleHMD.uplugin" 26
"../../../Engine/Plugins/Experimental/StructBox/StructBox.uplugin" 27
"../../../Engine/Plugins/Media/AndroidMedia/AndroidMedia.uplugin" 28
"../../../Engine/Plugins/Media/AvfMedia/AvfMedia.uplugin" 29
"../../../Engine/Plugins/Media/MediaPlayerEditor/MediaPlayerEditor.uplugin" 30
"../../../Engine/Plugins/Media/WmfMedia/WmfMedia.uplugin" 31
"../../../Engine/Plugins/Messaging/MessagingDebugger/MessagingDebugger.uplugin" 32
"../../../Engine/Plugins/Messaging/UdpMessaging/UdpMessaging.uplugin" 33
"../../../Engine/Plugins/NetcodeUnitTest/NetcodeUnitTest/NetcodeUnitTest.uplugin" 34
"../../../Engine/Plugins/NetcodeUnitTest/NUTUnrealEngine4/NUTUnrealEngine4.uplugin" 35
"../../../Engine/Plugins/Runtime/Advertising/IOSTapJoy/IOSTapJoy.uplugin" 36
"../../../Engine/Plugins/Runtime/Analytics/AnalyticsBlueprintLibrary/AnalyticsBlueprintLibrary.uplugin" 37
"../../../Engine/Plugins/Runtime/Analytics/AnalyticsMulticast/AnalyticsMulticast.uplugin" 38
"../../../Engine/Plugins/Runtime/Analytics/Apsalar/IOSApsalar/IOSApsalar.uplugin" 39
"../../../Engine/Plugins/Runtime/Analytics/FileLogging/FileLogging.uplugin" 40
"../../../Engine/Plugins/Runtime/Analytics/Flurry/IOSFlurry/IOSFlurry.uplugin" 41
"../../../Engine/Plugins/Runtime/AndroidDeviceProfileSelector/AndroidDeviceProfileSelector.uplugin" 42
"../../../Engine/Plugins/Runtime/AndroidMoviePlayer/AndroidMoviePlayer.uplugin" 43
"../../../Engine/Plugins/Runtime/AppleMoviePlayer/AppleMoviePlayer.uplugin" 44
"../../../Engine/Plugins/Runtime/ArchVisCharacter/ArchVisCharacter.uplugin" 45
"../../../Engine/Plugins/Runtime/CableComponent/CableComponent.uplugin" 46
"../../../Engine/Plugins/Runtime/CustomMeshComponent/CustomMeshComponent.uplugin" 47
"../../../Engine/Plugins/Runtime/ExampleDeviceProfileSelector/ExampleDeviceProfileSelector.uplugin" 48
"../../../Engine/Plugins/Runtime/GearVR/GearVR.uplugin" 49
"../../../Engine/Plugins/Runtime/IOSDeviceProfileSelector/IOSDeviceProfileSelector.uplugin" 50
"../../../Engine/Plugins/Runtime/LeapMotionController/LeapMotionController.uplugin" 51
"../../../Engine/Plugins/Runtime/LiveEditorListenServer/LiveEditorListenServer.uplugin" 52
"../../../Engine/Plugins/Runtime/OculusAudio/OculusAudio.uplugin" 53
"../../../Engine/Plugins/Runtime/OculusLibrary/OculusLibrary.uplugin" 54
"../../../Engine/Plugins/Runtime/OculusRift/OculusRift.uplugin" 55
"../../../Engine/Plugins/Runtime/ProceduralMeshComponent/ProceduralMeshComponent.uplugin" 56
"../../../Engine/Plugins/Runtime/SoundMod/SoundMod.uplugin" 57
"../../../Engine/Plugins/Runtime/SoundVisualizations/SoundVisualizations.uplugin" 58
"../../../Engine/Plugins/Runtime/Steam/SteamController/SteamController.uplugin" 59
"../../../Engine/Plugins/Runtime/Steam/SteamVR/SteamVR.uplugin" 60
"../../../Engine/Plugins/Runtime/WebBrowserWidget/WebBrowserWidget.uplugin" 61
"../../../Engine/Plugins/Runtime/WindowsDeviceProfileSelector/WindowsDeviceProfileSelector.uplugin" 62
"../../../Engine/Plugins/Runtime/WindowsMoviePlayer/WindowsMoviePlayer.uplugin" 63
"../../../Engine/Plugins/ScriptGeneratorPlugin/ScriptGeneratorPlugin.uplugin" 64
"../../../Engine/Plugins/ScriptPlugin/ScriptPlugin.uplugin" 65
"../../../Engine/Plugins/Slate/SlateRemote/SlateRemote.uplugin" 66
"..\..\..\Engine\Content\Internationalization\icudt53l\cnvalias.icu" 67
"..\..\..\Engine\Content\Internationalization\icudt53l\en_US_POSIX.res" 68
"..\..\..\Engine\Content\Internationalization\icudt53l\pool.res" 69
"..\..\..\Engine\Content\Internationalization\icudt53l\en_US.res" 70
"..\..\..\Engine\Content\Internationalization\icudt53l\en.res" 71
"..\..\..\Engine\Content\Internationalization\icudt53l\root.res" 72
"C:/Users/CHADALAK/AppData/Local/UnrealEngine/4.9/Saved/Config/Windows/Manifest.ini" 73
"../../../Engine/Config/Base.ini" 74
"../../../Engine/Config/BaseEngine.ini" 75
"C:/Users/CHADALAK/Documents/GitHub/Game/TitanBots/Config/DefaultEngine.ini" 76
"../../../Engine/Config/Windows/WindowsEngine.ini" 77
"C:/Users/CHADALAK/AppData/Local/Unreal Engine/Engine/Config/UserEngine.ini" 78
"C:/Users/CHADALAK/Documents/GitHub/Game/TitanBots/Saved/Config/Windows/Engine.ini" 79
"../../../../../../Users/CHADALAK/Documents/GitHub/Game/TitanBots/Intermediate/Config/CoalescedSourceConfigs/Engine.ini" 80
"../../../Engine/Config/BaseGame.ini" 81
"C:/Users/CHADALAK/Documents/GitHub/Game/TitanBots/Config/DefaultGame.ini" 82
"C:/Users/CHADALAK/Documents/GitHub/Game/TitanBots/Saved/Config/Windows/Game.ini" 83
"../../../../../../Users/CHADALAK/Documents/GitHub/Game/TitanBots/Intermediate/Config/CoalescedSourceConfigs/Game.ini" 84
"../../../Engine/Config/BaseInput.ini" 85
"C:/Users/CHADALAK/Documents/GitHub/Game/TitanBots/Config/DefaultInput.ini" 86
"C:/Users/CHADALAK/Documents/GitHub/Game/TitanBots/Saved/Config/Windows/Input.ini" 87
"../../../../../../Users/CHADALAK/Documents/GitHub/Game/TitanBots/Intermediate/Config/CoalescedSourceConfigs/Input.ini" 88
"../../../Engine/Config/BaseEditor.ini" 89
"C:/Users/CHADALAK/Documents/GitHub/Game/TitanBots/Config/DefaultEditor.ini" 90
"C:/Users/CHADALAK/Documents/GitHub/Game/TitanBots/Saved/Config/Windows/Editor.ini" 91
"../../../../../../Users/CHADALAK/Documents/GitHub/Game/TitanBots/Intermediate/Config/CoalescedSourceConfigs/Editor.ini" 92
"../../../Engine/Config/BaseEditorPerProjectUserSettings.ini" 93
"C:/Users/CHADALAK/Documents/GitHub/Game/TitanBots/Config/DefaultEditorPerProjectUserSettings.ini" 94
"C:/Users/CHADALAK/Documents/GitHub/Game/TitanBots/Saved/Config/Windows/EditorPerProjectUserSettings.ini" 95
"../../../../../../Users/CHADALAK/Documents/GitHub/Game/TitanBots/Intermediate/Config/CoalescedSourceConfigs/EditorPerProjectUserSettings.ini" 96
"../../../Engine/Config/BaseEditorSettings.ini" 97
"C:/Users/CHADALAK/AppData/Local/UnrealEngine/4.9/Saved/Config/Windows/EditorSettings.ini" 98
"../../../../../../Users/CHADALAK/Documents/GitHub/Game/TitanBots/Intermediate/Config/CoalescedSourceConfigs/EditorSettings.ini" 99
"../../../Engine/Config/BaseEditorLayout.ini" 100
"C:/Users/CHADALAK/AppData/Local/UnrealEngine/4.9/Saved/Config/Windows/EditorLayout.ini" 101
"../../../../../../Users/CHADALAK/Documents/GitHub/Game/TitanBots/Intermediate/Config/CoalescedSourceConfigs/EditorLayout.ini" 102
"../../../Engine/Config/BaseEditorKeyBindings.ini" 103
"C:/Users/CHADALAK/AppData/Local/UnrealEngine/4.9/Saved/Config/Windows/EditorKeyBindings.ini" 104
"../../../../../../Users/CHADALAK/Documents/GitHub/Game/TitanBots/Intermediate/Config/CoalescedSourceConfigs/EditorKeyBindings.ini" 105
"../../../Engine/Config/BaseCompat.ini" 106
"C:/Users/CHADALAK/Documents/GitHub/Game/TitanBots/Saved/Config/Windows/Compat.ini" 107
"../../../../../../Users/CHADALAK/Documents/GitHub/Game/TitanBots/Intermediate/Config/CoalescedSourceConfigs/Compat.ini" 108
"../../../Engine/Config/BaseLightmass.ini" 109
"C:/Users/CHADALAK/Documents/GitHub/Game/TitanBots/Saved/Config/Windows/Lightmass.ini" 110
"../../../../../../Users/CHADALAK/Documents/GitHub/Game/TitanBots/Intermediate/Config/CoalescedSourceConfigs/Lightmass.ini" 111
"../../../Engine/Config/BaseScalability.ini" 112
"C:/Users/CHADALAK/Documents/GitHub/Game/TitanBots/Saved/Config/Windows/Scalability.ini" 113
"../../../../../../Users/CHADALAK/Documents/GitHub/Game/TitanBots/Intermediate/Config/CoalescedSourceConfigs/Scalability.ini" 114
"C:/Users/CHADALAK/Documents/GitHub/Game/TitanBots/Saved/Config/Windows/GameUserSettings.ini" 115
"../../../../../../Users/CHADALAK/Documents/GitHub/Game/TitanBots/Intermediate/Config/CoalescedSourceConfigs/GameUserSettings.ini" 116
"../../../Engine/Config/BaseDeviceProfiles.ini" 117
"C:/Users/CHADALAK/Documents/GitHub/Game/TitanBots/Saved/Config/Windows/DeviceProfiles.ini" 118
"../../../../../../Users/CHADALAK/Documents/GitHub/Game/TitanBots/Intermediate/Config/CoalescedSourceConfigs/DeviceProfiles.ini" 119
"../../../Engine/Config/ConsoleVariables.ini" 120
"..\..\..\Engine\Content\Internationalization\icudt53l\es.res" 121
"..\..\..\Engine\Content\Internationalization\icudt53l\ja.res" 122
"..\..\..\Engine\Content\Internationalization\icudt53l\ko.res" 123
"..\..\..\Engine\Content\Internationalization\icudt53l\pt_BR.res" 124
"..\..\..\Engine\Content\Internationalization\icudt53l\pt.res" 125
"..\..\..\Engine\Content\Internationalization\icudt53l\zh_CN.res" 126
"..\..\..\Engine\Content\Internationalization\icudt53l\zh_Hans_CN.res" 127
"..\..\..\Engine\Content\Internationalization\icudt53l\zh_Hans.res" 128
"..\..\..\Engine\Content\Internationalization\icudt53l\zh.res" 129
"C:/Program Files/Unreal Engine/4.9/Engine/Content/Localization/Editor/en/Editor.locres" 130
"C:/Program Files/Unreal Engine/4.9/Engine/Content/Localization/EditorTutorials/en/EditorTutorials.locres" 131
"C:/Program Files/Unreal Engine/4.9/Engine/Content/Localization/Keywords/en/Keywords.locres" 132
"C:/Program Files/Unreal Engine/4.9/Engine/Content/Localization/Category/en/Category.locres" 133
"C:/Program Files/Unreal Engine/4.9/Engine/Content/Localization/ToolTips/en/ToolTips.locres" 134
"C:/Program Files/Unreal Engine/4.9/Engine/Content/Localization/PropertyNames/en/PropertyNames.locres" 135
"C:/Program Files/Unreal Engine/4.9/Engine/Content/Localization/Engine/en/Engine.locres" 136
"../../../Engine/Content/Slate/Fonts/Roboto-Regular.ttf" 137
"../../../Engine/Content/Slate/Fonts/DroidSansMono.ttf" 138
"../../../Engine/Content/Slate/Fonts/Roboto-Bold.ttf" 139
"../../../Engine/Content/Slate/Fonts/Roboto-Light.ttf" 140
"C:/Program Files/Unreal Engine/4.9/Engine/Binaries/Win64/../../../Engine/Shaders/ParticleSpriteVertexFactory.usf" 141
"C:/Program Files/Unreal Engine/4.9/Engine/Binaries/Win64/../../../Engine/Shaders/VertexFactoryCommon.usf" 142
"C:/Program Files/Unreal Engine/4.9/Engine/Binaries/Win64/../../../Engine/Shaders/Common.usf" 143
"C:/Program Files/Unreal Engine/4.9/Engine/Binaries/Win64/../../../Engine/Shaders/MetalCommon.usf" 144
"C:/Program Files/Unreal Engine/4.9/Engine/Binaries/Win64/../../../Engine/Shaders/ShaderVersion.usf" 145
"C:/Program Files/Unreal Engine/4.9/Engine/Binaries/Win64/../../../Engine/Shaders/CommonViewUniformBuffer.usf" 146
"C:/Program Files/Unreal Engine/4.9/Engine/Binaries/Win64/../../../Engine/Shaders/Definitions.usf" 147
"C:/Program Files/Unreal Engine/4.9/Engine/Binaries/Win64/../../../Engine/Shaders/Random.usf" 148
"C:/Program Files/Unreal Engine/4.9/Engine/Binaries/Win64/../../../Engine/Shaders/ParticleVertexFactoryCommon.usf" 149
"C:/Program Files/Unreal Engine/4.9/Engine/Binaries/Win64/../../../Engine/Shaders/ParticleGPUSpriteVertexFactory.usf" 150
"C:/Program Files/Unreal Engine/4.9/Engine/Binaries/Win64/../../../Engine/Shaders/ParticleBeamTrailVertexFactory.usf" 151
"C:/Program Files/Unreal Engine/4.9/Engine/Binaries/Win64/../../../Engine/Shaders/LocalVertexFactory.usf" 152
"C:/Program Files/Unreal Engine/4.9/Engine/Binaries/Win64/../../../Engine/Shaders/LocalVertexFactoryCommon.usf" 153
"C:/Program Files/Unreal Engine/4.9/Engine/Binaries/Win64/../../../Engine/Shaders/VectorFieldVisualizationVertexFactory.usf" 154
"C:/Program Files/Unreal Engine/4.9/Engine/Binaries/Win64/../../../Engine/Shaders/MeshParticleVertexFactory.usf" 155
"C:/Program Files/Unreal Engine/4.9/Engine/Binaries/Win64/../../../Engine/Shaders/GpuSkinVertexFactory.usf" 156
"C:/Program Files/Unreal Engine/4.9/Engine/Binaries/Win64/../../../Engine/Shaders/GpuSkinCacheCommon.usf" 157
"C:/Program Files/Unreal Engine/4.9/Engine/Binaries/Win64/../../../Engine/Shaders/LandscapeVertexFactory.usf" 158
"C:/Program Files/Unreal Engine/4.9/Engine/Binaries/Win64/../../../Engine/Shaders/SlateElementPixelShader.usf" 159
"C:/Program Files/Unreal Engine/4.9/Engine/Binaries/Win64/../../../Engine/Shaders/GammaCorrectionCommon.usf" 160
"C:/Program Files/Unreal Engine/4.9/Engine/Binaries/Win64/../../../Engine/Shaders/MaterialTemplate.usf" 161
"C:/Program Files/Unreal Engine/4.9/Engine/Binaries/Win64/../../../Engine/Shaders/DepthOfFieldCommon.usf" 162
"C:/Program Files/Unreal Engine/4.9/Engine/Binaries/Win64/../../../Engine/Shaders/GlobalDistanceFieldShared.usf" 163
"C:/Program Files/Unreal Engine/4.9/Engine/Binaries/Win64/../../../Engine/Shaders/SpeedTreeCommon.usf" 164
"C:/Program Files/Unreal Engine/4.9/Engine/Binaries/Win64/../../../Engine/Shaders/AtmosphereCommon.usf" 165
"C:/Program Files/Unreal Engine/4.9/Engine/Binaries/Win64/../../../Engine/Shaders/PaniniProjection.usf" 166
"C:/Program Files/Unreal Engine/4.9/Engine/Binaries/Win64/../../../Engine/Shaders/EyeAdaptationCommon.usf" 167
"C:/Program Files/Unreal Engine/4.9/Engine/Binaries/Win64/../../../Engine/Shaders/PostProcessCommon.usf" 168
"C:/Program Files/Unreal Engine/4.9/Engine/Binaries/Win64/../../../Engine/Shaders/DeferredShadingCommon.usf" 169
"C:/Program Files/Unreal Engine/4.9/Engine/Binaries/Win64/../../../Engine/Shaders/LightAccumulator.usf" 170
"C:/Program Files/Unreal Engine/4.9/Engine/Binaries/Win64/../../../Engine/Shaders/SlateVertexShader.usf" 171
"C:/Program Files/Unreal Engine/4.9/Engine/Binaries/Win64/../../../Engine/Shaders/ParticleSortKeyGen.usf" 172
"C:/Program Files/Unreal Engine/4.9/Engine/Binaries/Win64/../../../Engine/Shaders/ParticleBoundsShader.usf" 173
"C:/Program Files/Unreal Engine/4.9/Engine/Binaries/Win64/../../../Engine/Shaders/ParticleSimVisualizeShader.usf" 174
"C:/Program Files/Unreal Engine/4.9/Engine/Binaries/Win64/../../../Engine/Shaders/ParticleInjectionShader.usf" 175
"C:/Program Files/Unreal Engine/4.9/Engine/Binaries/Win64/../../../Engine/Shaders/ParticleSimulationShader.usf" 176
"C:/Program Files/Unreal Engine/4.9/Engine/Binaries/Win64/../../../Engine/Shaders/ParticleCurveInjectionShader.usf" 177
"C:/Program Files/Unreal Engine/4.9/Engine/Binaries/Win64/../../../Engine/Shaders/VectorFieldCompositeShaders.usf" 178
"C:/Program Files/Unreal Engine/4.9/Engine/Binaries/Win64/../../../Engine/Shaders/UpdateTextureShaders.usf" 179
"C:/Program Files/Unreal Engine/4.9/Engine/Binaries/Win64/../../../Engine/Shaders/SimpleElementColorChannelMaskPixelShader.usf" 180
"C:/Program Files/Unreal Engine/4.9/Engine/Binaries/Win64/../../../Engine/Shaders/SimpleElementPixelShader.usf" 181
"C:/Program Files/Unreal Engine/4.9/Engine/Binaries/Win64/../../../Engine/Shaders/ColorUtils.usf" 182
"C:/Program Files/Unreal Engine/4.9/Engine/Binaries/Win64/../../../Engine/Shaders/IESLightProfilesCommon.usf" 183
"C:/Program Files/Unreal Engine/4.9/Engine/Binaries/Win64/../../../Engine/Shaders/SimpleElementHitProxyPixelShader.usf" 184
"C:/Program Files/Unreal Engine/4.9/Engine/Binaries/Win64/../../../Engine/Shaders/SimpleElementVertexShader.usf" 185
"C:/Program Files/Unreal Engine/4.9/Engine/Binaries/Win64/../../../Engine/Shaders/ScreenVertexShader.usf" 186
"C:/Program Files/Unreal Engine/4.9/Engine/Binaries/Win64/../../../Engine/Shaders/ScreenPixelShader.usf" 187
"C:/Program Files/Unreal Engine/4.9/Engine/Binaries/Win64/../../../Engine/Shaders/RadixSortShaders.usf" 188
"C:/Program Files/Unreal Engine/4.9/Engine/Binaries/Win64/../../../Engine/Shaders/GpuSkinCacheComputeShader.usf" 189
"C:/Program Files/Unreal Engine/4.9/Engine/Binaries/Win64/../../../Engine/Shaders/NullPixelShader.usf" 190
"C:/Program Files/Unreal Engine/4.9/Engine/Binaries/Win64/../../../Engine/Shaders/LandscapeGrassWeight.usf" 191
"C:/Program Files/Unreal Engine/4.9/Engine/Binaries/Win64/../../../Engine/Shaders/VisualizeTexture.usf" 192
"C:/Program Files/Unreal Engine/4.9/Engine/Binaries/Win64/../../../Engine/Shaders/ScreenSpaceReflections.usf" 193
"C:/Program Files/Unreal Engine/4.9/Engine/Binaries/Win64/../../../Engine/Shaders/BRDF.usf" 194
"C:/Program Files/Unreal Engine/4.9/Engine/Binaries/Win64/../../../Engine/Shaders/MonteCarlo.usf" 195
"C:/Program Files/Unreal Engine/4.9/Engine/Binaries/Win64/../../../Engine/Shaders/ScreenSpaceRayCast.usf" 196
"C:/Program Files/Unreal Engine/4.9/Engine/Binaries/Win64/../../../Engine/Shaders/FilterVertexShader.usf" 197
"C:/Program Files/Unreal Engine/4.9/Engine/Binaries/Win64/../../../Engine/Shaders/FilterPixelShader.usf" 198
"C:/Program Files/Unreal Engine/4.9/Engine/Binaries/Win64/../../../Engine/Shaders/PostProcessVisualizeHDR.usf" 199
"C:/Program Files/Unreal Engine/4.9/Engine/Binaries/Win64/../../../Engine/Shaders/PostProcessHistogramCommon.usf" 200
"C:/Program Files/Unreal Engine/4.9/Engine/Binaries/Win64/../../../Engine/Shaders/TonemapCommon.usf" 201
"C:/Program Files/Unreal Engine/4.9/Engine/Binaries/Win64/../../../Engine/Shaders/ACES.usf" 202
"C:/Program Files/Unreal Engine/4.9/Engine/Binaries/Win64/../../../Engine/Shaders/MiniFontCommon.usf" 203
"C:/Program Files/Unreal Engine/4.9/Engine/Binaries/Win64/../../../Engine/Shaders/PostProcessVisualizeBuffer.usf" 204
"C:/Program Files/Unreal Engine/4.9/Engine/Binaries/Win64/../../../Engine/Shaders/PostProcessUpscale.usf" 205
"C:/Program Files/Unreal Engine/4.9/Engine/Binaries/Win64/../../../Engine/Shaders/PostProcessTonemap.usf" 206
"C:/Program Files/Unreal Engine/4.9/Engine/Binaries/Win64/../../../Engine/Shaders/PostProcessTestImage.usf" 207
"C:/Program Files/Unreal Engine/4.9/Engine/Binaries/Win64/../../../Engine/Shaders/PostProcessTemporalAA.usf" 208
"C:/Program Files/Unreal Engine/4.9/Engine/Binaries/Win64/../../../Engine/Shaders/PostProcessTemporalCommon.usf" 209
"C:/Program Files/Unreal Engine/4.9/Engine/Binaries/Win64/../../../Engine/Shaders/PostProcessSubsurface.usf" 210
"C:/Program Files/Unreal Engine/4.9/Engine/Binaries/Win64/../../../Engine/Shaders/SeparableSSS.usf" 211
"C:/Program Files/Unreal Engine/4.9/Engine/Binaries/Win64/../../../Engine/Shaders/PostProcessSelectionOutline.usf" 212
"C:/Program Files/Unreal Engine/4.9/Engine/Binaries/Win64/../../../Engine/Shaders/PostProcessSceneColorFringe.usf" 213
"C:/Program Files/Unreal Engine/4.9/Engine/Binaries/Win64/../../../Engine/Shaders/PostProcessNoiseBlur.usf" 214
"C:/Program Files/Unreal Engine/4.9/Engine/Binaries/Win64/../../../Engine/Shaders/PostProcessMotionBlur.usf" 215
"C:/Program Files/Unreal Engine/4.9/Engine/Binaries/Win64/../../../Engine/Shaders/FastMath.usf" 216
"C:/Program Files/Unreal Engine/4.9/Engine/Binaries/Win64/../../../Engine/Shaders/PostProcessVelocityFlatten.usf" 217
"C:/Program Files/Unreal Engine/4.9/Engine/Binaries/Win64/../../../Engine/Shaders/MorpheusInclude.usf" 218
"C:/Program Files/Unreal Engine/4.9/Engine/Binaries/Win64/../../../Engine/Shaders/PostProcessMobile.usf" 219
"C:/Program Files/Unreal Engine/4.9/Engine/Binaries/Win64/../../../Engine/Shaders/PostProcessMaterialShaders.usf" 220
"C:/Program Files/Unreal Engine/4.9/Engine/Binaries/Win64/../../../Engine/Shaders/PostProcessLensFlares.usf" 221
"C:/Program Files/Unreal Engine/4.9/Engine/Binaries/Win64/../../../Engine/Shaders/PostProcessLensBlur.usf" 222
"C:/Program Files/Unreal Engine/4.9/Engine/Binaries/Win64/../../../Engine/Shaders/PostProcessBloom.usf" 223
"C:/Program Files/Unreal Engine/4.9/Engine/Binaries/Win64/../../../Engine/Shaders/PostProcessHMD.usf" 224
"C:/Program Files/Unreal Engine/4.9/Engine/Binaries/Win64/../../../Engine/Shaders/PostProcessHistogramReduce.usf" 225
"C:/Program Files/Unreal Engine/4.9/Engine/Binaries/Win64/../../../Engine/Shaders/PostProcessHistogram.usf" 226
"C:/Program Files/Unreal Engine/4.9/Engine/Binaries/Win64/../../../Engine/Shaders/PostProcessHierarchical.usf" 227
"C:/Program Files/Unreal Engine/4.9/Engine/Binaries/Win64/../../../Engine/Shaders/PostProcessGBufferHints.usf" 228
"C:/Program Files/Unreal Engine/4.9/Engine/Binaries/Win64/../../../Engine/Shaders/PostProcessEyeAdaptation.usf" 229
"C:/Program Files/Unreal Engine/4.9/Engine/Binaries/Win64/../../../Engine/Shaders/PostProcessDownsample.usf" 230
"C:/Program Files/Unreal Engine/4.9/Engine/Binaries/Win64/../../../Engine/Shaders/PostProcessDOF.usf" 231
"C:/Program Files/Unreal Engine/4.9/Engine/Binaries/Win64/../../../Engine/Shaders/PostProcessCompositeEditorPrimitives.usf" 232
"C:/Program Files/Unreal Engine/4.9/Engine/Binaries/Win64/../../../Engine/Shaders/PostProcessCombineLUTs.usf" 233
"C:/Program Files/Unreal Engine/4.9/Engine/Binaries/Win64/../../../Engine/Shaders/PostProcessCircleDOF.usf" 234
"C:/Program Files/Unreal Engine/4.9/Engine/Binaries/Win64/../../../Engine/Shaders/CircleDOFCommon.usf" 235
"C:/Program Files/Unreal Engine/4.9/Engine/Binaries/Win64/../../../Engine/Shaders/PostProcessBusyWait.usf" 236
"C:/Program Files/Unreal Engine/4.9/Engine/Binaries/Win64/../../../Engine/Shaders/PostProcessBokehDOF.usf" 237
"C:/Program Files/Unreal Engine/4.9/Engine/Binaries/Win64/../../../Engine/Shaders/PostProcessVisualizeDOF.usf" 238
"C:/Program Files/Unreal Engine/4.9/Engine/Binaries/Win64/../../../Engine/Shaders/FXAAShader.usf" 239
"C:/Program Files/Unreal Engine/4.9/Engine/Binaries/Win64/../../../Engine/Shaders/Fxaa3_11.usf" 240
"C:/Program Files/Unreal Engine/4.9/Engine/Binaries/Win64/../../../Engine/Shaders/PostProcessPassThrough.usf" 241
"C:/Program Files/Unreal Engine/4.9/Engine/Binaries/Win64/../../../Engine/Shaders/PostProcessLpvIndirect.usf" 242
"C:/Program Files/Unreal Engine/4.9/Engine/Binaries/Win64/../../../Engine/Shaders/DeferredLightingCommon.usf" 243
"C:/Program Files/Unreal Engine/4.9/Engine/Binaries/Win64/../../../Engine/Shaders/DynamicLightingCommon.usf" 244
"C:/Program Files/Unreal Engine/4.9/Engine/Binaries/Win64/../../../Engine/Shaders/ShadingModels.usf" 245
"C:/Program Files/Unreal Engine/4.9/Engine/Binaries/Win64/../../../Engine/Shaders/LPVFinalPass.usf" 246
"C:/Program Files/Unreal Engine/4.9/Engine/Binaries/Win64/../../../Engine/Shaders/LPVCommon.usf" 247
"C:/Program Files/Unreal Engine/4.9/Engine/Binaries/Win64/../../../Engine/Shaders/DeferredDecal.usf" 248
"C:/Program Files/Unreal Engine/4.9/Engine/Binaries/Win64/../../../Engine/Shaders/PostProcessAmbientOcclusion.usf" 249
"C:/Program Files/Unreal Engine/4.9/Engine/Binaries/Win64/../../../Engine/Shaders/PostProcessAmbient.usf" 250
"C:/Program Files/Unreal Engine/4.9/Engine/Binaries/Win64/../../../Engine/Shaders/CubemapCommon.usf" 251
"C:/Program Files/Unreal Engine/4.9/Engine/Binaries/Win64/../../../Engine/Shaders/VelocityShader.usf" 252
"C:/Program Files/Unreal Engine/4.9/Engine/Binaries/Win64/../../../Engine/Shaders/VelocityCommon.usf" 253
"C:/Program Files/Unreal Engine/4.9/Engine/Binaries/Win64/../../../Engine/Shaders/Tessellation.usf" 254
"C:/Program Files/Unreal Engine/4.9/Engine/Binaries/Win64/../../../Engine/Shaders/FlatTessellation.usf" 255
"C:/Program Files/Unreal Engine/4.9/Engine/Binaries/Win64/../../../Engine/Shaders/PNTriangles.usf" 256
"C:/Program Files/Unreal Engine/4.9/Engine/Binaries/Win64/../../../Engine/Shaders/TranslucentLightingShaders.usf" 257
"C:/Program Files/Unreal Engine/4.9/Engine/Binaries/Win64/../../../Engine/Shaders/SHCommon.usf" 258
"C:/Program Files/Unreal Engine/4.9/Engine/Binaries/Win64/../../../Engine/Shaders/ShadowProjectionCommon.usf" 259
"C:/Program Files/Unreal Engine/4.9/Engine/Binaries/Win64/../../../Engine/Shaders/TranslucentLightInjectionShaders.usf" 260
"C:/Program Files/Unreal Engine/4.9/Engine/Binaries/Win64/../../../Engine/Shaders/LightFunctionCommon.usf" 261
"C:/Program Files/Unreal Engine/4.9/Engine/Binaries/Win64/../../../Engine/Shaders/TranslucentShadowDepthShaders.usf" 262
"C:/Program Files/Unreal Engine/4.9/Engine/Binaries/Win64/../../../Engine/Shaders/ShadowDepthCommon.usf" 263
"C:/Program Files/Unreal Engine/4.9/Engine/Binaries/Win64/../../../Engine/Shaders/TiledDeferredLightShaders.usf" 264
"C:/Program Files/Unreal Engine/4.9/Engine/Binaries/Win64/../../../Engine/Shaders/SurfelTree.usf" 265
"C:/Program Files/Unreal Engine/4.9/Engine/Binaries/Win64/../../../Engine/Shaders/DistanceFieldLightingShared.usf" 266
"C:/Program Files/Unreal Engine/4.9/Engine/Binaries/Win64/../../../Engine/Shaders/SurfelMaterialShared.usf" 267
"C:/Program Files/Unreal Engine/4.9/Engine/Binaries/Win64/../../../Engine/Shaders/DistanceFieldAOShared.usf" 268
"C:/Program Files/Unreal Engine/4.9/Engine/Binaries/Win64/../../../Engine/Shaders/ShadowProjectionPixelShader.usf" 269
"C:/Program Files/Unreal Engine/4.9/Engine/Binaries/Win64/../../../Engine/Shaders/ShadowFilteringCommon.usf" 270
"C:/Program Files/Unreal Engine/4.9/Engine/Binaries/Win64/../../../Engine/Shaders/ShadowProjectionVertexShader.usf" 271
"C:/Program Files/Unreal Engine/4.9/Engine/Binaries/Win64/../../../Engine/Shaders/ShadowDepthPixelShader.usf" 272
"C:/Program Files/Unreal Engine/4.9/Engine/Binaries/Win64/../../../Engine/Shaders/LPVWriteVplCommon.usf" 273
"C:/Program Files/Unreal Engine/4.9/Engine/Binaries/Win64/../../../Engine/Shaders/LPVWriteCommon.usf" 274
"C:/Program Files/Unreal Engine/4.9/Engine/Binaries/Win64/../../../Engine/Shaders/ShadowDepthVertexShader.usf" 275
"C:/Program Files/Unreal Engine/4.9/Engine/Binaries/Win64/../../../Engine/Shaders/ShaderComplexityApplyPixelShader.usf" 276
"C:/Program Files/Unreal Engine/4.9/Engine/Binaries/Win64/../../../Engine/Shaders/ShaderComplexityApplyVertexShader.usf" 277
"C:/Program Files/Unreal Engine/4.9/Engine/Binaries/Win64/../../../Engine/Shaders/ShaderComplexityAccumulatePixelShader.usf" 278
"C:/Program Files/Unreal Engine/4.9/Engine/Binaries/Win64/../../../Engine/Shaders/HZBOcclusion.usf" 279
"C:/Program Files/Unreal Engine/4.9/Engine/Binaries/Win64/../../../Engine/Shaders/OcclusionQueryVertexShader.usf" 280
"C:/Program Files/Unreal Engine/4.9/Engine/Binaries/Win64/../../../Engine/Shaders/HitProxyPixelShader.usf" 281
"C:/Program Files/Unreal Engine/4.9/Engine/Binaries/Win64/../../../Engine/Shaders/HitProxyVertexShader.usf" 282
"C:/Program Files/Unreal Engine/4.9/Engine/Binaries/Win64/../../../Engine/Shaders/ReflectionEnvironmentShaders.usf" 283
"C:/Program Files/Unreal Engine/4.9/Engine/Binaries/Win64/../../../Engine/Shaders/ReflectionEnvironmentShared.usf" 284
"C:/Program Files/Unreal Engine/4.9/Engine/Binaries/Win64/../../../Engine/Shaders/SkyLightingShared.usf" 285
"C:/Program Files/Unreal Engine/4.9/Engine/Binaries/Win64/../../../Engine/Shaders/ReflectionEnvironmentComputeShaders.usf" 286
"C:/Program Files/Unreal Engine/4.9/Engine/Binaries/Win64/../../../Engine/Shaders/LightShaftShader.usf" 287
"C:/Program Files/Unreal Engine/4.9/Engine/Binaries/Win64/../../../Engine/Shaders/StationaryLightOverlapShaders.usf" 288
"C:/Program Files/Unreal Engine/4.9/Engine/Binaries/Win64/../../../Engine/Shaders/DeferredLightPixelShaders.usf" 289
"C:/Program Files/Unreal Engine/4.9/Engine/Binaries/Win64/../../../Engine/Shaders/DeferredLightVertexShaders.usf" 290
"C:/Program Files/Unreal Engine/4.9/Engine/Binaries/Win64/../../../Engine/Shaders/LPVVisualise.usf" 291
"C:/Program Files/Unreal Engine/4.9/Engine/Binaries/Win64/../../../Engine/Shaders/LPVGeometryVolumeCommon.usf" 292
"C:/Program Files/Unreal Engine/4.9/Engine/Binaries/Win64/../../../Engine/Shaders/LPVDirectLightInject.usf" 293
"C:/Program Files/Unreal Engine/4.9/Engine/Binaries/Win64/../../../Engine/Shaders/LPVPropagate.usf" 294
"C:/Program Files/Unreal Engine/4.9/Engine/Binaries/Win64/../../../Engine/Shaders/LPVPacking.usf" 295
"C:/Program Files/Unreal Engine/4.9/Engine/Binaries/Win64/../../../Engine/Shaders/LPVBuildGeometryVolume.usf" 296
"C:/Program Files/Unreal Engine/4.9/Engine/Binaries/Win64/../../../Engine/Shaders/LpvDirectionalOcclusion.usf" 297
"C:/Program Files/Unreal Engine/4.9/Engine/Binaries/Win64/../../../Engine/Shaders/LPVInject_AccumulateVplLists.usf" 298
"C:/Program Files/Unreal Engine/4.9/Engine/Binaries/Win64/../../../Engine/Shaders/LPVInject_GenerateVplLists.usf" 299
"C:/Program Files/Unreal Engine/4.9/Engine/Binaries/Win64/../../../Engine/Shaders/LPVClearLists.usf" 300
"C:/Program Files/Unreal Engine/4.9/Engine/Binaries/Win64/../../../Engine/Shaders/LPVClear.usf" 301
"C:/Program Files/Unreal Engine/4.9/Engine/Binaries/Win64/../../../Engine/Shaders/LightMapDensityShader.usf" 302
"C:/Program Files/Unreal Engine/4.9/Engine/Binaries/Win64/../../../Engine/Shaders/LightFunctionPixelShader.usf" 303
"C:/Program Files/Unreal Engine/4.9/Engine/Binaries/Win64/../../../Engine/Shaders/LightFunctionVertexShader.usf" 304
"C:/Program Files/Unreal Engine/4.9/Engine/Binaries/Win64/../../../Engine/Shaders/HeightfieldLighting.usf" 305
"C:/Program Files/Unreal Engine/4.9/Engine/Binaries/Win64/../../../Engine/Shaders/DistanceFieldShadowingShared.usf" 306
"C:/Program Files/Unreal Engine/4.9/Engine/Binaries/Win64/../../../Engine/Shaders/HdrCustomResolveShaders.usf" 307
"C:/Program Files/Unreal Engine/4.9/Engine/Binaries/Win64/../../../Engine/Shaders/GPUBenchmark.usf" 308
"C:/Program Files/Unreal Engine/4.9/Engine/Binaries/Win64/../../../Engine/Shaders/GlobalDistanceField.usf" 309
"C:/Program Files/Unreal Engine/4.9/Engine/Binaries/Win64/../../../Engine/Shaders/GammaCorrection.usf" 310
"C:/Program Files/Unreal Engine/4.9/Engine/Binaries/Win64/../../../Engine/Shaders/BasePassForForwardShadingPixelShader.usf" 311
"C:/Program Files/Unreal Engine/4.9/Engine/Binaries/Win64/../../../Engine/Shaders/BasePassForForwardShadingCommon.usf" 312
"C:/Program Files/Unreal Engine/4.9/Engine/Binaries/Win64/../../../Engine/Shaders/LightmapCommon.usf" 313
"C:/Program Files/Unreal Engine/4.9/Engine/Binaries/Win64/../../../Engine/Shaders/BasePassForForwardShadingVertexShader.usf" 314
"C:/Program Files/Unreal Engine/4.9/Engine/Binaries/Win64/../../../Engine/Shaders/HeightFogCommon.usf" 315
"C:/Program Files/Unreal Engine/4.9/Engine/Binaries/Win64/../../../Engine/Shaders/HeightFogPixelShader.usf" 316
"C:/Program Files/Unreal Engine/4.9/Engine/Binaries/Win64/../../../Engine/Shaders/HeightFogVertexShader.usf" 317
"C:/Program Files/Unreal Engine/4.9/Engine/Binaries/Win64/../../../Engine/Shaders/DistortAccumulatePS.usf" 318
"C:/Program Files/Unreal Engine/4.9/Engine/Binaries/Win64/../../../Engine/Shaders/DistortAccumulateVS.usf" 319
"C:/Program Files/Unreal Engine/4.9/Engine/Binaries/Win64/../../../Engine/Shaders/DistortApplyScreenPS.usf" 320
"C:/Program Files/Unreal Engine/4.9/Engine/Binaries/Win64/../../../Engine/Shaders/DistanceFieldSurfaceCacheLighting.usf" 321
"C:/Program Files/Unreal Engine/4.9/Engine/Binaries/Win64/../../../Engine/Shaders/SkyLighting.usf" 322
"C:/Program Files/Unreal Engine/4.9/Engine/Binaries/Win64/../../../Engine/Shaders/DistanceFieldSurfaceCacheLightingCompute.usf" 323
"C:/Program Files/Unreal Engine/4.9/Engine/Binaries/Win64/../../../Engine/Shaders/DistanceFieldShadowing.usf" 324
"C:/Program Files/Unreal Engine/4.9/Engine/Binaries/Win64/../../../Engine/Shaders/DistanceFieldScreenGridLighting.usf" 325
"C:/Program Files/Unreal Engine/4.9/Engine/Binaries/Win64/../../../Engine/Shaders/DistanceFieldLightingPost.usf" 326
"C:/Program Files/Unreal Engine/4.9/Engine/Binaries/Win64/../../../Engine/Shaders/DistanceFieldGlobalIllumination.usf" 327
"C:/Program Files/Unreal Engine/4.9/Engine/Binaries/Win64/../../../Engine/Shaders/DepthOnlyPixelShader.usf" 328
"C:/Program Files/Unreal Engine/4.9/Engine/Binaries/Win64/../../../Engine/Shaders/DepthOnlyVertexShader.usf" 329
"C:/Program Files/Unreal Engine/4.9/Engine/Binaries/Win64/../../../Engine/Shaders/PositionOnlyDepthVertexShader.usf" 330
"C:/Program Files/Unreal Engine/4.9/Engine/Binaries/Win64/../../../Engine/Shaders/DownsampleDepthPixelShader.usf" 331
"C:/Program Files/Unreal Engine/4.9/Engine/Binaries/Win64/../../../Engine/Shaders/EvaluateSurfelMaterial.usf" 332
"C:/Program Files/Unreal Engine/4.9/Engine/Binaries/Win64/../../../Engine/Shaders/ConvertToUniformMesh.usf" 333
"C:/Program Files/Unreal Engine/4.9/Engine/Binaries/Win64/../../../Engine/Shaders/BasePassPixelShader.usf" 334
"C:/Program Files/Unreal Engine/4.9/Engine/Binaries/Win64/../../../Engine/Shaders/BasePassCommon.usf" 335
"C:/Program Files/Unreal Engine/4.9/Engine/Binaries/Win64/../../../Engine/Shaders/ForEachLight.usf" 336
"C:/Program Files/Unreal Engine/4.9/Engine/Binaries/Win64/../../../Engine/Shaders/BasePassVertexShader.usf" 337
"C:/Program Files/Unreal Engine/4.9/Engine/Binaries/Win64/../../../Engine/Shaders/BasePassVertexCommon.usf" 338
"C:/Program Files/Unreal Engine/4.9/Engine/Binaries/Win64/../../../Engine/Shaders/BasePassTessellationShaders.usf" 339
"C:/Program Files/Unreal Engine/4.9/Engine/Binaries/Win64/../../../Engine/Shaders/AtmospherePrecompute.usf" 340
"C:/Program Files/Unreal Engine/4.9/Engine/Binaries/Win64/../../../Engine/Shaders/AtmospherePrecomputeCommon.usf" 341
"C:/Program Files/Unreal Engine/4.9/Engine/Binaries/Win64/../../../Engine/Shaders/AtmospherePrecomputeInscatter.usf" 342
"C:/Program Files/Unreal Engine/4.9/Engine/Binaries/Win64/../../../Engine/Shaders/AtmosphericFogShader.usf" 343
"C:/Program Files/Unreal Engine/4.9/Engine/Binaries/Win64/../../../Engine/Shaders/ResolveVertexShader.usf" 344
"C:/Program Files/Unreal Engine/4.9/Engine/Binaries/Win64/../../../Engine/Shaders/ResolvePixelShader.usf" 345
"C:/Program Files/Unreal Engine/4.9/Engine/Binaries/Win64/../../../Engine/Shaders/OneColorShader.usf" 346
"C:/Program Files/Unreal Engine/4.9/Engine/Binaries/Win64/../../../Engine/Shaders/MediaShaders.usf" 347
"C:/Program Files/Unreal Engine/4.9/Engine/Binaries/Win64/../../../Engine/Shaders/ClearReplacementShaders.usf" 348
"C:/Program Files/Unreal Engine/4.9/Engine/Binaries/Win64/../../../Engine/Shaders/SimpleElementTexture2DPreviewPixelShader.usf" 349
"C:/Program Files/Unreal Engine/4.9/Engine/Binaries/Win64/../../../Engine/Shaders/SimpleElementNormalMapPixelShader.usf" 350
"C:/Program Files/Unreal Engine/4.9/Engine/Binaries/Win64/../../../Engine/Shaders/meshpaintdilatepixelshader.usf" 351
"C:/Program Files/Unreal Engine/4.9/Engine/Binaries/Win64/../../../Engine/Shaders/meshpaintdilatevertexshader.usf" 352
"C:/Program Files/Unreal Engine/4.9/Engine/Binaries/Win64/../../../Engine/Shaders/MeshPaintPixelShader.usf" 353
"C:/Program Files/Unreal Engine/4.9/Engine/Binaries/Win64/../../../Engine/Shaders/MeshPaintVertexShader.usf" 354
"../../../Engine/Config/Android/AndroidEngine.ini" 355
"../../../Engine/Config/IOS/IOSEngine.ini" 356
"../../../Engine/Config/Linux/LinuxEngine.ini" 357
"C:/Users/CHADALAK/AppData/Local/UnrealEngine/4.9/DerivedDataCache/Boot.ddc" 358
"../../../Engine/DerivedDataCache/Compressed.ddp" 359
"../../../Engine/Content/EngineFonts/Roboto.uasset" 360
"../../../Engine/Content/EngineMaterials/Widget3DPassThrough_Translucent.uasset" 361
"../../../Engine/Content/EngineMaterials/Widget3DPassThrough.uasset" 362
"../../../Engine/Content/Functions/Engine_MaterialFunctions02/Texturing/ScreenAlignedUVs.uasset" 363
"../../../Engine/Content/EngineResources/WhiteSquareTexture.uasset" 364
"../../../Engine/Content/Functions/Engine_MaterialFunctions01/Shading/PowerToRoughness.uasset" 365
"../../../Engine/Content/Functions/Engine_MaterialFunctions01/Shading/ConvertFromDiffSpec.uasset" 366
"../../../Engine/Content/EngineMaterials/WorldGridMaterial.uasset" 367
"../../../Engine/Content/Functions/Engine_MaterialFunctions01/Opacity/CameraDepthFade.uasset" 368
"../../../Engine/Content/EngineMaterials/T_Default_Material_Grid_M.uasset" 369
"../../../Engine/Content/EngineMaterials/T_Default_Material_Grid_N.uasset" 370
"../../../Engine/Content/EngineMaterials/DefaultDeferredDecalMaterial.uasset" 371
"../../../Engine/Content/EngineMaterials/DefaultDiffuse.uasset" 372
"../../../Engine/Content/EngineMaterials/DefaultLightFunctionMaterial.uasset" 373
"../../../Engine/Content/EngineMaterials/DefaultPostProcessMaterial.uasset" 374
"../../../Engine/Content/Functions/Engine_MaterialFunctions02/Utility/BreakOutFloat2Components.uasset" 375
"../../../Engine/Content/EngineResources/DefaultTexture.uasset" 376
"../../../Engine/Content/EngineMaterials/Widget3DPassThrough_Translucent_OneSided.uasset" 377
"../../../Engine/Content/EngineMaterials/Widget3DPassThrough_Opaque.uasset" 378
"../../../Engine/Content/EngineMaterials/Widget3DPassThrough_Opaque_OneSided.uasset" 379
"../../../Engine/Content/EngineMaterials/Widget3DPassThrough_Masked.uasset" 380
"../../../Engine/Content/EngineMaterials/Widget3DPassThrough_Masked_OneSided.uasset" 381
"../../../Engine/Content/EditorResources/S_Actor.uasset" 382
"C:/Users/CHADALAK/Documents/GitHub/Game/TitanBots/Saved/Config/Windows/TemplateDefs.ini" 383
"../../../../../../Users/CHADALAK/Documents/GitHub/Game/TitanBots/Intermediate/Config/CoalescedSourceConfigs/TemplateDefs.ini" 384
"C:/Users/CHADALAK/Documents/GitHub/Game/TitanBots/Saved/Config/Windows/GameplayTags.ini" 385
"../../../../../../Users/CHADALAK/Documents/GitHub/Game/TitanBots/Intermediate/Config/CoalescedSourceConfigs/GameplayTags.ini" 386
"../../../Engine/Content/Maps/Templates/Thumbnails/Default.uasset" 387
"../../../Engine/Content/EditorMaterials/ParticleSystems/PSysThumbnail_NoImage.uasset" 388
"../../../Engine/Content/EditorMaterials/ParticleSystems/PSysThumbnail_OOD.uasset" 389
"../../../Engine/Content/EditorLandscapeResources/DataLayer.uasset" 390
"../../../Engine/Content/EngineDamageTypes/DmgTypeBP_Environmental.uasset" 391
"..\..\..\Engine\Content\Internationalization\icudt53l\numberingSystems.res" 392
"..\..\..\Engine\Content\Internationalization\icudt53l\curr\supplementalData.res" 393
"..\..\..\Engine\Content\Internationalization\icudt53l\curr\pool.res" 394
"..\..\..\Engine\Content\Internationalization\icudt53l\curr\en.res" 395
"..\..\..\Engine\Content\Internationalization\icudt53l\curr\root.res" 396
"../../../Engine/Content/EngineMeshes/Sphere.uasset" 397
"../../../Engine/Content/EngineFonts/RobotoDistanceField.uasset" 398
"../../../Engine/Content/EngineMaterials/DefaultTextMaterialOpaque.uasset" 399
"../../../Engine/Content/EditorResources/S_Trigger.uasset" 400
"../../../Engine/Content/EngineResources/GradientTexture0.uasset" 401
"../../../Engine/Content/EngineResources/Black.uasset" 402
"../../../Engine/Content/EditorMaterials/MatineeGroups/MAT_Groups_Float.uasset" 403
"../../../Engine/Content/EditorMaterials/MatineeGroups/MAT_Groups_Director.uasset" 404
"../../../Engine/Content/EditorMaterials/MatineeGroups/MAT_Groups_Event.uasset" 405
"../../../Engine/Content/EditorMaterials/MatineeGroups/MAT_Groups_Anim.uasset" 406
"../../../Engine/Content/EditorMaterials/MatineeGroups/MAT_Groups_Fade.uasset" 407
"../../../Engine/Content/EditorMaterials/MatineeGroups/MAT_Groups_Move.uasset" 408
"../../../Engine/Content/EditorMaterials/MatineeGroups/MAT_Groups_Slomo.uasset" 409
"../../../Engine/Content/EditorMaterials/MatineeGroups/MAT_ColorTrack.uasset" 410
"../../../Engine/Content/EditorMaterials/MAT_Groups_Toggle.uasset" 411
"../../../Engine/Content/EditorMaterials/MatineeGroups/MAT_Groups_AudioMaster.uasset" 412
"../../../Engine/Content/EditorMaterials/MatineeGroups/MAT_Groups_Sound.uasset" 413
"../../../Engine/Content/EditorMaterials/MatineeGroups/MAT_Groups_Vector.uasset" 414
"../../../Engine/Content/EditorMaterials/MAT_Groups_Visibility.uasset" 415
"../../../Engine/Content/EngineResources/DefaultTextureCube.uasset" 416
"../../../Engine/Content/EngineSounds/Master.uasset" 417
"../../../Engine/Content/EngineSounds/Music.uasset" 418
"../../../Engine/Content/EngineSounds/SFX.uasset" 419
"../../../Engine/Content/EngineSounds/Normal_Attack.uasset" 420
"../../../Engine/Content/EngineSounds/Special_Attack_PSM.uasset" 421
"../../../Engine/Content/EngineSounds/Duck_Normal_Attack_MixMod.uasset" 422
"../../../Engine/Content/EngineSounds/Voice.uasset" 423
"../../../Engine/Content/EngineMeshes/Cylinder.uasset" 424
"../../../Engine/Content/EngineMaterials/DefaultMaterial.uasset" 425
"../../../Engine/Content/EngineTireTypes/DefaultTireType.uasset" 426
"../../../Engine/Content/Editor/Slate/Fonts/FontAwesome.ttf" 427
"../../../Engine/Content/Editor/Slate/Fonts/DroidSansMono.ttf" 428
"../../../Engine/Content/Editor/Slate/Fonts/Roboto-BoldCondensed.ttf" 429
"../../../Engine/Content/Editor/Slate/Fonts/Roboto-Black.ttf" 430
"../../../Engine/Content/Editor/Slate/Fonts/Roboto-Italic.ttf" 431
"../../../Engine/Content/Editor/Slate/Fonts/Roboto-BoldCondensedItalic.ttf" 432
"..\..\..\Engine\Content\Internationalization\icudt53l\coll\ucadata.icu" 433
"..\..\..\Engine\Content\Internationalization\icudt53l\nfc.nrm" 434
"..\..\..\Engine\Content\Internationalization\icudt53l\coll\en_US.res" 435
"..\..\..\Engine\Content\Internationalization\icudt53l\coll\en.res" 436
"..\..\..\Engine\Content\Internationalization\icudt53l\coll\root.res" 437
"../../../Engine/Content/EngineResources/AICON-Red.uasset" 438
"../../../Engine/Content/EngineResources/AICON-Green.uasset" 439
"../../../Engine/Content/Tutorial/Basics/LevelEditorAttract.uasset" 440
"../../../Engine/Content/Tutorial/Basics/LevelEditorOverview.uasset" 441
"../../../Engine/Content/Tutorial/Basics/TutorialAssets/icon_tab_Levels_40x.uasset" 442
"../../../Engine/Content/Tutorial/SubEditors/ParticleSystemEditorTutorial.uasset" 443
"../../../Engine/Content/Tutorial/ContentIntroCurve.uasset" 444
"../../../Engine/Plugins/2D/Paper2D/Content/MaskedUnlitSpriteMaterial.uasset" 445
"../../../Engine/Plugins/2D/Paper2D/Content/DefaultSpriteMaterial.uasset" 446
"../../../Engine/Plugins/2D/Paper2D/Content/DummySpriteTexture.uasset" 447
"../../../Engine/Plugins/2D/Paper2D/Content/PlaceholderTextures/DummySpriteTexture.uasset" 448
"../../../Engine/Plugins/2D/Paper2D/Content/OpaqueUnlitSpriteMaterial.uasset" 449
"../../../Engine/Plugins/2D/Paper2D/Content/DefaultPaperTerrainMaterial.uasset" 450
"../../../Engine/Plugins/2D/Paper2D/Content/DummySprite.uasset" 451
"../../../../../../Users/CHADALAK/Documents/GitHub/Game/TitanBots/Content/ThirdPerson/Blueprints/ThirdPersonCharacter.uasset" 452
"../../../../../../Users/CHADALAK/Documents/GitHub/Game/TitanBots/Content/ThirdPerson/Animations/ThirdPerson_AnimBP.uasset" 453
"../../../../../../Users/CHADALAK/Documents/GitHub/Game/TitanBots/Content/ThirdPerson/Animations/ThirdPerson_Jump.uasset" 454
"../../../../../../Users/CHADALAK/Documents/GitHub/Game/TitanBots/Content/ThirdPerson/Character/Mesh/UE4_Mannequin_Skeleton.uasset" 455
"../../../../../../Users/CHADALAK/Documents/GitHub/Game/TitanBots/Content/ThirdPerson/Animations/ThirdPerson_LoopJump.uasset" 456
"../../../../../../Users/CHADALAK/Documents/GitHub/Game/TitanBots/Content/ThirdPerson/Animations/ThirdPersonJump_Loop.uasset" 457
"../../../../../../Users/CHADALAK/Documents/GitHub/Game/TitanBots/Content/ThirdPerson/Animations/ThirdPerson_StartJump.uasset" 458
"../../../../../../Users/CHADALAK/Documents/GitHub/Game/TitanBots/Content/ThirdPerson/Animations/ThirdPersonJump_Start.uasset" 459
"../../../../../../Users/CHADALAK/Documents/GitHub/Game/TitanBots/Content/ThirdPerson/Animations/ThirdPerson_IdleRun_2D.uasset" 460
"../../../../../../Users/CHADALAK/Documents/GitHub/Game/TitanBots/Content/ThirdPerson/Animations/ThirdPerson_Idle.uasset" 461
"../../../../../../Users/CHADALAK/Documents/GitHub/Game/TitanBots/Content/ThirdPerson/Animations/ThirdPersonIdle.uasset" 462
"../../../../../../Users/CHADALAK/Documents/GitHub/Game/TitanBots/Content/ThirdPerson/Animations/ThirdPerson_Run.uasset" 463
"../../../../../../Users/CHADALAK/Documents/GitHub/Game/TitanBots/Content/ThirdPerson/Animations/ThirdPersonRun.uasset" 464
"../../../../../../Users/CHADALAK/Documents/GitHub/Game/TitanBots/Content/ThirdPerson/Animations/ThirdPerson_Walk.uasset" 465
"../../../../../../Users/CHADALAK/Documents/GitHub/Game/TitanBots/Content/ThirdPerson/Animations/ThirdPersonWalk.uasset" 466
"../../../Engine/Content/EditorBlueprintResources/StandardMacros.uasset" 467
"../../../../../../Users/CHADALAK/Documents/GitHub/Game/TitanBots/Content/ThirdPerson/Character/Mesh/SK_Mannequin.uasset" 468
"../../../../../../Users/CHADALAK/Documents/GitHub/Game/TitanBots/Content/ThirdPerson/Character/Materials/M_UE4Man_Body.uasset" 469
"../../../Engine/Content/Functions/Engine_MaterialFunctions02/Utility/BlendAngleCorrectedNormals.uasset" 470
"../../../Engine/Content/Functions/MaterialLayerFunctions/MatLayerBlend_AO.uasset" 471
"../../../Engine/Content/Functions/MaterialLayerFunctions/MatLayerBlend_NormalBlend.uasset" 472
"../../../Engine/Content/Functions/MaterialLayerFunctions/MatLayerBlend_Simple.uasset" 473
"../../../../../../Users/CHADALAK/Documents/GitHub/Game/TitanBots/Content/ThirdPerson/Character/Materials/MaterialLayers/ML_GlossyBlack_Latex_UE4.uasset" 474
"../../../../../../Users/CHADALAK/Documents/GitHub/Game/TitanBots/Content/ThirdPerson/Character/Materials/MaterialLayers/T_ML_Rubber_Blue_01_D.uasset" 475
"../../../../../../Users/CHADALAK/Documents/GitHub/Game/TitanBots/Content/ThirdPerson/Character/Materials/MaterialLayers/T_ML_Rubber_Blue_01_N.uasset" 476
"../../../../../../Users/CHADALAK/Documents/GitHub/Game/TitanBots/Content/ThirdPerson/Character/Materials/MaterialLayers/ML_Plastic_Shiny_Beige.uasset" 477
"../../../../../../Users/CHADALAK/Documents/GitHub/Game/TitanBots/Content/ThirdPerson/Character/Materials/MaterialLayers/ML_Plastic_Shiny_Beige_LOGO.uasset" 478
"../../../../../../Users/CHADALAK/Documents/GitHub/Game/TitanBots/Content/ThirdPerson/Character/Textures/UE4_LOGO_CARD.uasset" 479
"../../../../../../Users/CHADALAK/Documents/GitHub/Game/TitanBots/Content/ThirdPerson/Character/Materials/MaterialLayers/ML_SoftMetal_UE4.uasset" 480
"../../../../../../Users/CHADALAK/Documents/GitHub/Game/TitanBots/Content/ThirdPerson/Character/Materials/MaterialLayers/T_ML_Aluminum01.uasset" 481
"../../../../../../Users/CHADALAK/Documents/GitHub/Game/TitanBots/Content/ThirdPerson/Character/Materials/MaterialLayers/T_ML_Aluminum01_N.uasset" 482
"../../../../../../Users/CHADALAK/Documents/GitHub/Game/TitanBots/Content/ThirdPerson/Character/Textures/UE4_Mannequin__normals.uasset" 483
"../../../../../../Users/CHADALAK/Documents/GitHub/Game/TitanBots/Content/ThirdPerson/Character/Textures/UE4_Mannequin_MAT_MASKA.uasset" 484
"../../../../../../Users/CHADALAK/Documents/GitHub/Game/TitanBots/Content/ThirdPerson/Character/Textures/UE4_Mannequin_occlusion_Mobile.uasset" 485
"../../../../../../Users/CHADALAK/Documents/GitHub/Game/TitanBots/Content/ThirdPerson/Character/Materials/M_UE4Man_ChestLogo.uasset" 486
"../../../../../../Users/CHADALAK/Documents/GitHub/Game/TitanBots/Content/ThirdPerson/Character/Textures/UE4Man_Logo_N.uasset" 487
"../../../../../../Users/CHADALAK/Documents/GitHub/Game/TitanBots/Content/ThirdPerson/Character/Mesh/SK_Mannequin_PhysicsAsset.uasset" 488
"../../../../../../Users/CHADALAK/Documents/GitHub/Game/TitanBots/Content/ThirdPerson/Character/TheSentinal_Idle_01.uasset" 489
"../../../../../../Users/CHADALAK/Documents/GitHub/Game/TitanBots/Content/ThirdPerson/Character/Geo_blinn.uasset" 490
"../../../../../../Users/CHADALAK/Documents/GitHub/Game/TitanBots/Content/ThirdPerson/Character/Wep_Geo_1_blinn.uasset" 491
"../../../../../../Users/CHADALAK/Documents/GitHub/Game/TitanBots/Content/ThirdPerson/Character/TheSentinal_Idle_01_PhysicsAsset.uasset" 492
"../../../../../../Users/CHADALAK/Documents/GitHub/Game/TitanBots/Content/ThirdPerson/Character/TheSentinal_Idle_01_Skeleton.uasset" 493
"C:/Users/CHADALAK/AppData/Local/UnrealEngine/4.9/Saved/Config/Windows/SourceControlSettings.ini" 494
"../../../../../../Users/CHADALAK/Documents/GitHub/Game/TitanBots/Intermediate/Config/CoalescedSourceConfigs/SourceControlSettings.ini" 495
"C:/Users/CHADALAK/Documents/GitHub/Game/TitanBots/Saved/Config/Windows/SourceControlSettings.ini" 496
"../../../Engine/Plugins/Runtime/LeapMotionController/Content/LM_CapsuleMesh.uasset" 497
"../../../Engine/Plugins/Runtime/LeapMotionController/Content/LM_TorusMesh.uasset" 498
"../../../Engine/Plugins/Runtime/LeapMotionController/Content/LM_HandColor.uasset" 499
"../../../Engine/Plugins/Runtime/LeapMotionController/Content/LM_PassthroughMaterial.uasset" 500
"../../../Engine/Plugins/Runtime/LeapMotionController/Content/LM_SampleDistortion.uasset" 501
"../../../Engine/Plugins/Runtime/LeapMotionController/Content/LM_TestTexture.uasset" 502
"../../../Engine/Content/BasicShapes/Cube.uasset" 503
"../../../Engine/Content/EngineMaterials/RemoveSurfaceMaterial.uasset" 504
"../../../Engine/Content/EngineDebugMaterials/DebugMeshMaterial.uasset" 505
"../../../Engine/Content/EngineMaterials/M_InvalidLightmapSettings.uasset" 506
"../../../Engine/Content/EngineMaterials/InvalidLightmapSettings.uasset" 507
"../../../Engine/Content/EditorMaterials/GizmoMaterial.uasset" 508
"../../../Engine/Content/EngineMaterials/Good64x64TilingNoiseHighFreq.uasset" 509
"../../../Engine/Content/EngineMaterials/DefaultBokeh.uasset" 510
"../../../Engine/Content/EngineMaterials/PreintegratedSkinBRDF.uasset" 511
"../../../Engine/Content/EngineMaterials/MiniFont.uasset" 512
"../../../Engine/Content/EngineMaterials/WeightMapPlaceholderTexture.uasset" 513
"../../../Engine/Content/EngineMaterials/DefaultWhiteGrid.uasset" 514
"../../../Engine/Content/EngineMaterials/DefaultPhysicalMaterial.uasset" 515
"../../../Engine/Content/EngineFonts/RobotoTiny.uasset" 516
"../../../../../../Users/CHADALAK/Documents/GitHub/Game/TitanBots/Intermediate/CachedAssetRegistry.bin" 517
"../../../../../../Users/CHADALAK/Documents/GitHub/Game/TitanBots/Saved/Autosaves/Game/ThirdPerson/Blueprints/Projectiles/Proj_Test_Auto1.uasset" 518
"../../../../../../Users/CHADALAK/Documents/GitHub/Game/TitanBots/Saved/Autosaves/Game/ThirdPerson/Maps/ThirdPersonExampleMap_Auto1.umap" 519
"C:/Users/CHADALAK/Documents/GitHub/Game/TitanBots/Saved/Cooked/WindowsNoEditor/TitanBots/CookedIniVersion.txt" 520
"../../../Engine/Config/HTML5/HTML5Engine.ini" 521
"../../../Engine/Content/MobileResources/HUD/VirtualJoystick_Thumb.uasset" 522
"../../../Engine/Content/EditorResources/BSPVertex.uasset" 523
"../../../Engine/Content/EngineDebugMaterials/WireframeMaterial.uasset" 524
"../../../Engine/Content/EngineDebugMaterials/GeomMaterial.uasset" 525
"../../../Engine/Content/EngineDebugMaterials/LevelColorationLitMaterial.uasset" 526
"../../../Engine/Content/EngineDebugMaterials/LevelColorationUnlitMaterial.uasset" 527
"../../../Engine/Content/EngineDebugMaterials/MAT_LevelColorationLitLightmapUV.uasset" 528
"../../../Engine/Content/EngineDebugMaterials/ShadedLevelColorationLitMaterial.uasset" 529
"../../../Engine/Content/EngineDebugMaterials/ShadedLevelColorationUnlitMateri.uasset" 530
"../../../Engine/Content/EngineDebugMaterials/VertexColorMaterial.uasset" 531
"../../../Engine/Content/EngineDebugMaterials/VertexColorViewMode_ColorOnly.uasset" 532
"../../../Engine/Content/EngineDebugMaterials/VertexColorViewMode_AlphaAsColor.uasset" 533
"../../../Engine/Content/EngineDebugMaterials/VertexColorViewMode_RedOnly.uasset" 534
"../../../Engine/Content/EngineDebugMaterials/VertexColorViewMode_GreenOnly.uasset" 535
"../../../Engine/Content/EngineDebugMaterials/VertexColorViewMode_BlueOnly.uasset" 536
"../../../Engine/Content/EngineDebugMaterials/BoneWeightMaterial.uasset" 537
"../../../Engine/Content/EngineDebugMaterials/HeatmapGradient.uasset" 538
"../../../Engine/Content/EditorMaterials/PhAT_JointLimitMaterial.uasset" 539
"../../../Engine/Content/EditorMaterials/PreviewShadowIndicatorMaterial.uasset" 540
"../../../Engine/Content/EditorMaterials/PreviewShadowIndicator.uasset" 541
"../../../Engine/Content/EngineMaterials/EditorBrushMaterial.uasset" 542
"../../../Engine/Content/EditorMeshes/ColorCalibrator/SM_ColorCalibrator.uasset" 543
"../../../Engine/Content/EditorMeshes/ColorCalibrator/M_ChromeBall.uasset" 544
"../../../Engine/Content/EditorMeshes/ColorCalibrator/M_ClearCoat.uasset" 545
"../../../Engine/Content/EditorMeshes/ColorCalibrator/M_ClearCoatBlack.uasset" 546
"../../../Engine/Content/EditorMeshes/ColorCalibrator/M_ColorGrid.uasset" 547
"../../../Engine/Content/EditorMeshes/ColorCalibrator/T_ColorGrid.uasset" 548
"../../../Engine/Content/EditorMeshes/ColorCalibrator/M_GreyBall.uasset" 549
"../../../Engine/Content/MobileResources/HUD/DefaultVirtualJoysticks.uasset" 550
"../../../Engine/Content/MobileResources/HUD/VirtualJoystick_Background.uasset" 551
"../../../Engine/Content/Tutorial/BlueprintTutorials/TutorialAssets/Blueprint_64x.uasset" 552
"../../../Engine/Content/Tutorial/SubEditors/TutorialAssets/icon_Editor_Preferences_General_40x.uasset" 553
"../../../Engine/Content/Tutorial/Paper2D/TutorialAssets/Paper2DSprite_TutorialIcon.uasset" 554
"../../../Engine/Content/Tutorial/SubEditors/TutorialAssets/icon_ShowSkeletalMeshes_40x.uasset" 555
"../../../Engine/Content/Tutorial/Landscape/TutorialAssets/Landscape.uasset" 556
"../../../Engine/Content/Tutorial/Foliage/TutorialAssets/Foliage.uasset" 557
"../../../Engine/Content/Tutorial/SubEditors/StaticMeshEditorTutorial.uasset" 558
"../../../Engine/Content/EngineMeshes/Cube.uasset" 559
"../../../Engine/Content/Tutorial/BlueprintTutorials/BlueprintEditorTutorial.uasset" 560
"../../../Engine/Content/Tutorial/BlueprintTutorials/BlueprintMacroLibrariesEditorOverview.uasset" 561
"../../../Engine/Content/Tutorial/BlueprintTutorials/TutorialAssets/BlueprintMacroLibrary_64x.uasset" 562
"../../../Engine/Content/Tutorial/BlueprintTutorials/TutorialAssets/Tutorial_BP_MacroLib.uasset" 563
"../../../Engine/Content/Tutorial/BlueprintTutorials/BlueprintInterfacesEditorOverview.uasset" 564
"../../../Engine/Content/Tutorial/BlueprintTutorials/TutorialAssets/BlueprintInterface_64x.uasset" 565
"../../../Engine/Content/Tutorial/BlueprintTutorials/TutorialAssets/Tutorial_BP_Interface.uasset" 566
"../../../Engine/Content/Tutorial/BlueprintTutorials/LevelBlueprintEditorOverview.uasset" 567
"../../../Engine/Content/Tutorial/SubEditors/DestructibleMeshEditorTutorial.uasset" 568
"../../../Engine/Content/Tutorial/SubEditors/TutorialAssets/Tutorial_DM.uasset" 569
"../../../Engine/Content/EditorMeshes/EditorCube.uasset" 570
"../../../Engine/Content/Tutorial/SubEditors/MaterialEditorTutorial.uasset" 571
"../../../Engine/Content/Tutorial/SubEditors/TutorialAssets/TutorialMaterial.uasset" 572
"../../../Engine/Content/Tutorial/SubEditors/PersonaAnimEditorTutorial.uasset" 573
"../../../Engine/Content/Tutorial/SubEditors/PersonaAnimEditorWalkthrough.uasset" 574
"../../../Engine/Content/Tutorial/SubEditors/TutorialAssets/Character/NewBlendSpace1D.uasset" 575
"../../../Engine/Content/Tutorial/SubEditors/TutorialAssets/Character/Tutorial_Idle.uasset" 576
"../../../Engine/Content/Tutorial/SubEditors/TutorialAssets/Character/TutorialTPP_Skeleton.uasset" 577
"../../../Engine/Content/Tutorial/SubEditors/TutorialAssets/Character/Tutorial_Walk_Fwd.uasset" 578
"../../../Engine/Content/Tutorial/SubEditors/TutorialAssets/Character/TutorialTPP.uasset" 579
"../../../Engine/Content/Tutorial/SubEditors/TutorialAssets/Character/TutorialTPP_Mat.uasset" 580
"../../../Engine/Content/Tutorial/SubEditors/TutorialAssets/Character/TutorialTPP_PhysicsAsset.uasset" 581
"../../../Engine/Content/Tutorial/SubEditors/PersonaAnimBlueprintEditorWalkthrough.uasset" 582
"../../../Engine/Content/Tutorial/SubEditors/TutorialAssets/Character/TutorialTPP_AnimBlueprint.uasset" 583
"../../../Engine/Content/Tutorial/SubEditors/TutorialAssets/Character/TutorialCharacter.uasset" 584
"../../../Engine/Content/Tutorial/Paper2D/SpriteEditorTutorial.uasset" 585
"../../../Engine/Content/Tutorial/Paper2D/FlipbookEditorTutorial.uasset" 586
"../../../Engine/Content/Tutorial/Paper2D/TutorialAssets/Paper2DFlipbook_TutorialIcon.uasset" 587
"../../../Engine/Content/Tutorial/Landscape/Landscape_Manage_Mode.uasset" 588
"../../../Engine/Content/Tutorial/Landscape/Landscape_Sculpt_Mode.uasset" 589
"../../../Engine/Content/Tutorial/Landscape/Landscape_Painting_Mode.uasset" 590
"../../../Engine/Content/Tutorial/Foliage/Foliage_Intro_Tutorial.uasset" 591
"../../../Engine/Content/Tutorial/Foliage/Foliage_Using_The_Tool_Tutorial.uasset" 592
"../../../Engine/Content/Tutorial/Foliage/Foliage_Settings_Tutorial.uasset" 593
"../../../Engine/Content/Tutorial/SubEditors/TutorialAssets/TutorialParticleSystem.uasset" 594
"../../../Engine/Content/Tutorial/SubEditors/TutorialAssets/M_smoke_subUV_blackbody.uasset" 595
"../../../Engine/Content/Tutorial/SubEditors/TutorialAssets/T_SmokeSubUV_8X8.uasset" 596
"../../../Engine/Content/Tutorial/SubEditors/TutorialAssets/T_soft_smoke.uasset" 597
"C:/Users/CHADALAK/Documents/GitHub/Game/TitanBots/Intermediate/Shaders/tmp/FBF1430E450E7E980838BBA795080343/0/WorkerOutputOnly.out" 598
"C:/Users/CHADALAK/Documents/GitHub/Game/TitanBots/Intermediate/Shaders/tmp/FBF1430E450E7E980838BBA795080343/1/WorkerOutputOnly.out" 599
"C:/Users/CHADALAK/Documents/GitHub/Game/TitanBots/Intermediate/Shaders/tmp/FBF1430E450E7E980838BBA795080343/2/WorkerOutputOnly.out" 600
"../../../../../../Users/CHADALAK/Documents/GitHub/Game/TitanBots/Content/ThirdPerson/Animations/ThirdPersonJump_End.uasset" 601
"../../../../../../Users/CHADALAK/Documents/GitHub/Game/TitanBots/Content/ThirdPerson/ThirdPersonOverview.uasset" 602
"../../../Engine/Content/MobileResources/HUD/MobileHUDDirectionPad3.uasset" 603
"C:/Users/CHADALAK/AppData/Local/UnrealEngine/Common/DerivedDataCache/1/7/8/TEXTURE_814DCC3DC72143F49509781513CB9855_AUTODXT_94F0DB0749BCCF71C66CAAABB0B17__EF53F256D1DA8BA84BD6CDF75DBF23A6C0BC3687.udd" 604
"C:/Users/CHADALAK/AppData/Local/UnrealEngine/Common/DerivedDataCache/9/1/4/TEXTURE_814DCC3DC72143F49509781513CB9855_AUTODXT_94F0DB0749BCCF71C66CAAABB0B17__6CDB35245101A1E3027BFC9F418A07E9374B04DB.udd" 605
"C:/Users/CHADALAK/AppData/Local/UnrealEngine/Common/DerivedDataCache/1/0/8/TEXTURE_814DCC3DC72143F49509781513CB9855_AUTODXT_94F0DB0749BCCF71C66CAAABB0B17__4E49C74D2064D885F556C342135D745A9E9C5C7A.udd" 606
"C:/Users/CHADALAK/AppData/Local/UnrealEngine/Common/DerivedDataCache/8/7/1/TEXTURE_814DCC3DC72143F49509781513CB9855_AUTODXT_94F0DB0749BCCF71C66CAAABB0B17__CE255A8968DE37AF9B6EFB9A2F4645D0D3462C21.udd" 607
"../../../../../../Users/CHADALAK/Documents/GitHub/Game/TitanBots/Content/ThirdPerson/Meshes/CubeMaterial.uasset" 608
"C:/Users/CHADALAK/AppData/Local/UnrealEngine/Common/DerivedDataCache/2/2/4/MATSM_984AFA3849534FAA8491540B994BD32E_PCD3D_SM5_3__BC5N_DEV_SL_NODBUF50837C12__182D66B5C20E77F7069CF31A2683FF5BB529ECE8.udd" 609
"../../../Engine/Content/MobileResources/HUD/T_Castle_ThumbstickOutter.uasset" 610
"../../../Engine/Content/MobileResources/HUD/MobileHUDDirectionPad2.uasset" 611
"C:/Users/CHADALAK/AppData/Local/UnrealEngine/Common/DerivedDataCache/5/7/2/TEXTURE_814DCC3DC72143F49509781513CB9855_BC5_1FCA3C134662CE1675C9E2AE358EB8ED___AC931871C9CF79F357D4643E961F9111E46958D5.udd" 612
"C:/Users/CHADALAK/AppData/Local/UnrealEngine/Common/DerivedDataCache/1/6/4/TEXTURE_814DCC3DC72143F49509781513CB9855_BC5_1FCA3C134662CE1675C9E2AE358EB8ED___0AE7AE3B1430062CDD87B9B91873661EBC14B8EC.udd" 613
"C:/Users/CHADALAK/AppData/Local/UnrealEngine/Common/DerivedDataCache/9/0/9/TEXTURE_814DCC3DC72143F49509781513CB9855_BC5_1FCA3C134662CE1675C9E2AE358EB8ED___C8F5A341ABBCBD221F2993F3BEED99C7C2691847.udd" 614
"C:/Users/CHADALAK/AppData/Local/UnrealEngine/Common/DerivedDataCache/9/6/6/TEXTURE_814DCC3DC72143F49509781513CB9855_BC5_1FCA3C134662CE1675C9E2AE358EB8ED___F46D176027A489F3B964C89BF9D199042B1C24A6.udd" 615
"../../../../../../Users/CHADALAK/Documents/GitHub/Game/TitanBots/Content/ThirdPerson/Character/ThirdPersonSkeleton.uasset" 616
"../../../../../../Users/CHADALAK/Documents/GitHub/Game/TitanBots/Content/ThirdPerson/Character/ThirdPersonSkeletalMesh.uasset" 617
"../../../../../../Users/CHADALAK/Documents/GitHub/Game/TitanBots/Content/ThirdPerson/Character/ThirdPersonIdleRun.uasset" 618
"../../../../../../Users/CHADALAK/Documents/GitHub/Game/TitanBots/Content/ThirdPerson/Character/ThirdPersonAnimBlueprint.uasset" 619
"../../../../../../Users/CHADALAK/Documents/GitHub/Game/TitanBots/Content/ThirdPerson/Blueprints/Projectiles/Proj_Test.uasset" 620
"../../../../../../Users/CHADALAK/Documents/GitHub/Game/TitanBots/Content/ThirdPerson/Meshes/CubeMesh.uasset" 621
"C:/Users/CHADALAK/AppData/Local/UnrealEngine/Common/DerivedDataCache/1/4/7/STATICMESH_46A8778361B442A9523C54440EA1E9D_8C68575CEF434CA8A9E1DA4AED8A47BB_A5__5EDEDE483766DE51B6EF6224E3967B6E35CDAD73.udd" 622
"C:/Users/CHADALAK/AppData/Local/UnrealEngine/Common/DerivedDataCache/7/0/4/PHYSX_1D9C17C451EA4FB88CB7A27536A65DB0_PHYSXPC_1096A5C5471682D95F8B6B83497A0DC__C8E78FB9BEFC23FC051ED259F20050B01E6F9D6C.udd" 623
"C:/Users/CHADALAK/AppData/Local/UnrealEngine/Common/DerivedDataCache/5/9/6/NAVCOLLISION_B89838347A4348138EE337A847529C5C_NAVCOLLISION_X_1096A5C5471682D95__7F231068905E2172EA1C053A512EE8428C20C14C.udd" 624
"../../../../../../Users/CHADALAK/Documents/GitHub/Game/TitanBots/Content/ThirdPerson/Blueprints/NetworkTest.uasset" 625
"../../../Engine/Content/MobileResources/HUD/T_Castle_ThumbstickInner.uasset" 626
"../../../Engine/Content/MobileResources/HUD/MobileHUDDirectionPad.uasset" 627
"C:/Users/CHADALAK/AppData/Local/UnrealEngine/Common/DerivedDataCache/8/6/2/TEXTURE_814DCC3DC72143F49509781513CB9855_AUTODXT_5FF13A0841DA02BA287870B6075E7__87B4BF4CE76B9311923813C26609615179491CC9.udd" 628
"C:/Users/CHADALAK/AppData/Local/UnrealEngine/Common/DerivedDataCache/1/7/6/TEXTURE_814DCC3DC72143F49509781513CB9855_AUTODXT_5FF13A0841DA02BA287870B6075E7__D027124BBCE474E48021386FA6DE1D78CB6A432B.udd" 629
"C:/Users/CHADALAK/AppData/Local/UnrealEngine/Common/DerivedDataCache/0/3/8/TEXTURE_814DCC3DC72143F49509781513CB9855_AUTODXT_5FF13A0841DA02BA287870B6075E7__5DC469FE4DA035FB7420729D13FCD261AF15F66D.udd" 630
"C:/Users/CHADALAK/AppData/Local/UnrealEngine/Common/DerivedDataCache/6/1/7/TEXTURE_814DCC3DC72143F49509781513CB9855_AUTODXT_5FF13A0841DA02BA287870B6075E7__E04CEABA6CF3C23F031509C20A4B1D3D59657A2F.udd" 631
"../../../Engine/Content/MobileResources/HUD/AnalogHat.uasset" 632
"../../../Engine/Content/MobileResources/HUD/MobileHUDDirectionStick.uasset" 633
"../../../../../../Users/CHADALAK/Documents/GitHub/Game/TitanBots/Content/ThirdPerson/Maps/ThirdPersonExampleMap.umap" 634
"../../../Engine/Content/EngineSky/BP_Sky_Sphere.uasset" 635
"../../../Engine/Content/EngineSky/C_Sky_Cloud_Color.uasset" 636
"../../../Engine/Content/EngineSky/C_Sky_Horizon_Color.uasset" 637
"../../../Engine/Content/EngineSky/C_Sky_Zenith_Color.uasset" 638
"../../../Engine/Content/EngineSky/M_Sky_Panning_Clouds2.uasset" 639
"../../../Engine/Content/EngineSky/T_Sky_Blue.uasset" 640
"../../../Engine/Content/EngineSky/T_Sky_Clouds_M.uasset" 641
"../../../Engine/Content/EngineSky/T_Sky_Stars.uasset" 642
"../../../Engine/Content/EngineSky/SM_SkySphere.uasset" 643
"../../../Engine/Content/EngineMaterials/AntiAliasedTextMaterialTranslucent.uasset" 644
"../../../Engine/Content/Functions/Engine_MaterialFunctions03/Procedurals/ComputeFilterWidth.uasset" 645
"../../../../../../Users/CHADALAK/Documents/GitHub/Game/TitanBots/Content/ThirdPerson/Meshes/Bump_StaticMesh.uasset" 646
"../../../../../../Users/CHADALAK/Documents/GitHub/Game/TitanBots/Content/ThirdPerson/Meshes/LeftArm_StaticMesh.uasset" 647
"../../../../../../Users/CHADALAK/Documents/GitHub/Game/TitanBots/Content/ThirdPerson/Meshes/Linear_Stair_StaticMesh.uasset" 648
"../../../../../../Users/CHADALAK/Documents/GitHub/Game/TitanBots/Content/ThirdPerson/Meshes/Ramp_StaticMesh.uasset" 649
"../../../../../../Users/CHADALAK/Documents/GitHub/Game/TitanBots/Content/ThirdPerson/Meshes/RightArm_StaticMesh.uasset" 650
"C:/Users/CHADALAK/AppData/Local/UnrealEngine/Common/DerivedDataCache/1/1/8/PHYSX_1D9C17C451EA4FB88CB7A27536A65DB0_PHYSXPC_F69AA1B3430FD80E34C439BC287AC93__D13F57E8FC4562F8D628D175BE83A32664866C9B.udd" 651
"C:/Users/CHADALAK/AppData/Local/UnrealEngine/Common/DerivedDataCache/7/2/5/NAVCOLLISION_B89838347A4348138EE337A847529C5C_NAVCOLLISION_X_F69AA1B3430FD80E3__EFEF12273679E4CFBD3ABA4FAED46B84F43B9FAE.udd" 652
"C:/Users/CHADALAK/AppData/Local/UnrealEngine/Common/DerivedDataCache/2/4/9/PHYSX_1D9C17C451EA4FB88CB7A27536A65DB0_PHYSXPC_C85DA5B44AD4EACE3337BC9634A99AC__CDCBF3D76AE606CF92D01BCDEC38B720786873BC.udd" 653
"C:/Users/CHADALAK/AppData/Local/UnrealEngine/Common/DerivedDataCache/8/6/2/NAVCOLLISION_B89838347A4348138EE337A847529C5C_NAVCOLLISION_X_C85DA5B44AD4EACE3__D9D76AC72DC86B2CEA34A8B6CEE045332D0BED8B.udd" 654
"C:/Users/CHADALAK/AppData/Local/UnrealEngine/Common/DerivedDataCache/6/5/9/PHYSX_1D9C17C451EA4FB88CB7A27536A65DB0_PHYSXPC_4B5A41FD4A3EF5DEF1681E916D31772__C6C06ADF12DED56677111365008E83C8E90368E2.udd" 655
"C:/Users/CHADALAK/AppData/Local/UnrealEngine/Common/DerivedDataCache/1/4/2/NAVCOLLISION_B89838347A4348138EE337A847529C5C_NAVCOLLISION_X_4B5A41FD4A3EF5DEF__3CCCACD93850101EFB4141BF9D92F51CB55797AA.udd" 656
"C:/Users/CHADALAK/AppData/Local/UnrealEngine/Common/DerivedDataCache/4/4/4/PHYSX_1D9C17C451EA4FB88CB7A27536A65DB0_PHYSXPC_3BF932D44D3CF6B544C4AB9D223D06F__BCCD7C60B57B5566DACB3D8473FAFC7815198BD2.udd" 657
"C:/Users/CHADALAK/AppData/Local/UnrealEngine/Common/DerivedDataCache/4/9/3/NAVCOLLISION_B89838347A4348138EE337A847529C5C_NAVCOLLISION_X_3BF932D44D3CF6B54__391A00CCD734F1634A757A827EB976B0FDEE36B5.udd" 658
"C:/Users/CHADALAK/AppData/Local/UnrealEngine/Common/DerivedDataCache/9/4/4/PHYSX_1D9C17C451EA4FB88CB7A27536A65DB0_PHYSXPC_94551E884F111FCE1A4C9BA1B368B87__783EA1C0645E3C708A2321BDEAFAF30C135A7ED1.udd" 659
"C:/Users/CHADALAK/AppData/Local/UnrealEngine/Common/DerivedDataCache/1/5/1/NAVCOLLISION_B89838347A4348138EE337A847529C5C_NAVCOLLISION_X_94551E884F111FCE1__74DE8C637AA09A18D5EEBBF25B72028B8985F34C.udd" 660
"C:/Users/CHADALAK/AppData/Local/UnrealEngine/Common/DerivedDataCache/8/5/9/PHYSX_1D9C17C451EA4FB88CB7A27536A65DB0_PHYSXPC_EABA122748BA221BFFF10FBB33E105C6__1_0_13123_0.udd" 661
"C:/Users/CHADALAK/AppData/Local/UnrealEngine/Common/DerivedDataCache/9/7/4/PHYSX_1D9C17C451EA4FB88CB7A27536A65DB0_PHYSXPC_3A6B17A044C9805A8A7CCCA49B57D212__1_0_13123_0.udd" 662
"C:/Users/CHADALAK/AppData/Local/UnrealEngine/Common/DerivedDataCache/4/7/4/REFL_ENC_96DFC022836B48889143E9DF484C3296_091E8E2541FE0C74B5A7E0A8DB6FCE4F.udd" 663
"C:/Users/CHADALAK/AppData/Local/UnrealEngine/Common/DerivedDataCache/7/2/0/TEXTURE_814DCC3DC72143F49509781513CB9855_AUTODXT_181A6EA54655B5E0A2DCA6AA48F61__9742238743D1B22C24456A7857884B6EC09D32F7.udd" 664
"C:/Users/CHADALAK/AppData/Local/UnrealEngine/Common/DerivedDataCache/1/2/6/TEXTURE_814DCC3DC72143F49509781513CB9855_AUTODXT_36FD9116477D753E2C36EA850E3A8__E327808AD19BFFD3DB4FE07BB9567461744592B3.udd" 665
"C:/Users/CHADALAK/AppData/Local/UnrealEngine/Common/DerivedDataCache/0/9/6/TEXTURE_814DCC3DC72143F49509781513CB9855_AUTODXT_1897002A4A32369D9BC93B883FC8C__846842984A4169CD2D8E8D0E82813F714A4357B7.udd" 666
"C:/Users/CHADALAK/AppData/Local/UnrealEngine/Common/DerivedDataCache/3/3/6/TEXTURE_814DCC3DC72143F49509781513CB9855_AUTODXT_181A6EA54655B5E0A2DCA6AA48F61__3D57214BBCA02EE9623414D53DD16528054DE212.udd" 667
"C:/Users/CHADALAK/AppData/Local/UnrealEngine/Common/DerivedDataCache/9/6/0/TEXTURE_814DCC3DC72143F49509781513CB9855_AUTODXT_1897002A4A32369D9BC93B883FC8C__9AD2722B752322B3869C44922190657A863D6D57.udd" 668
"C:/Users/CHADALAK/AppData/Local/UnrealEngine/Common/DerivedDataCache/8/4/3/TEXTURE_814DCC3DC72143F49509781513CB9855_AUTODXT_BAD3531B4E4FDBD0C872CF94F959D__05F5356BA59F4051B4E15E391FB953C844E16884.udd" 669
"C:/Users/CHADALAK/AppData/Local/UnrealEngine/Common/DerivedDataCache/0/5/9/TEXTURE_814DCC3DC72143F49509781513CB9855_AUTODXT_BAD3531B4E4FDBD0C872CF94F959D__F39C8734B4DC2A32358B783569A76022D6081666.udd" 670
"C:/Users/CHADALAK/AppData/Local/UnrealEngine/Common/DerivedDataCache/3/4/8/TEXTURE_814DCC3DC72143F49509781513CB9855_AUTODXT_181A6EA54655B5E0A2DCA6AA48F61__5805275280A9081617986FDF657889D854C6728D.udd" 671
"C:/Users/CHADALAK/AppData/Local/UnrealEngine/Common/DerivedDataCache/4/2/9/TEXTURE_814DCC3DC72143F49509781513CB9855_AUTODXT_181A6EA54655B5E0A2DCA6AA48F61__055C593F3C6F8B322038C2AA4824E0E89E5C4544.udd" 672
"C:/Users/CHADALAK/AppData/Local/UnrealEngine/Common/DerivedDataCache/7/1/5/TEXTURE_814DCC3DC72143F49509781513CB9855_AUTODXT_74C096384C0F252776E6C9B900F06__51ABBB0EE32E88C4E015B5F376800320E6801F77.udd" 673
"C:/Users/CHADALAK/AppData/Local/UnrealEngine/Common/DerivedDataCache/5/0/4/TEXTURE_814DCC3DC72143F49509781513CB9855_AUTODXT_74C096384C0F252776E6C9B900F06__A2B3069100CE0837BB7BA476F61A7D5B0B2BA8BF.udd" 674
"C:/Users/CHADALAK/AppData/Local/UnrealEngine/Common/DerivedDataCache/5/3/1/TEXTURE_814DCC3DC72143F49509781513CB9855_AUTODXT_BAD3531B4E4FDBD0C872CF94F959D__AF214F2CFA462FE705C0267FC85709D5456C1374.udd" 675
"C:/Users/CHADALAK/AppData/Local/UnrealEngine/Common/DerivedDataCache/0/8/4/TEXTURE_814DCC3DC72143F49509781513CB9855_AUTODXT_BAD3531B4E4FDBD0C872CF94F959D__BC6349AB370661D2E63EFD715A3AC3DE5EA5CE4A.udd" 676
"C:/Users/CHADALAK/AppData/Local/UnrealEngine/Common/DerivedDataCache/3/3/0/TEXTURE_814DCC3DC72143F49509781513CB9855_AUTODXT_74C096384C0F252776E6C9B900F06__73E3236FC3AAEAEC75B1E65D55ED1814052F6010.udd" 677
"C:/Users/CHADALAK/AppData/Local/UnrealEngine/Common/DerivedDataCache/3/5/2/TEXTURE_814DCC3DC72143F49509781513CB9855_AUTODXT_564994B043AFB12A4201A09AEC2BA__F954900B7250C0833C919D28AC6BCC8E4F4FA8B8.udd" 678
"C:/Users/CHADALAK/AppData/Local/UnrealEngine/Common/DerivedDataCache/2/5/4/TEXTURE_814DCC3DC72143F49509781513CB9855_AUTODXT_74C096384C0F252776E6C9B900F06__268F7401C5C80C30F1D90E260F705F62690ADEC7.udd" 679
"C:/Users/CHADALAK/AppData/Local/UnrealEngine/Common/DerivedDataCache/2/2/9/TEXTURE_814DCC3DC72143F49509781513CB9855_AUTODXT_564994B043AFB12A4201A09AEC2BA__C88B5BB42AD446C5BB4BDA56607311FE1FA51646.udd" 680
"C:/Users/CHADALAK/AppData/Local/UnrealEngine/Common/DerivedDataCache/9/4/7/TEXTURE_814DCC3DC72143F49509781513CB9855_AUTODXT_E418A21449D4E1B903D122B18D88B__D4E28DA669E96A4B3EC4DEE70B3054EB032CF345.udd" 681
"C:/Users/CHADALAK/AppData/Local/UnrealEngine/Common/DerivedDataCache/0/9/4/TEXTURE_814DCC3DC72143F49509781513CB9855_AUTODXT_E418A21449D4E1B903D122B18D88B__1773AE7CB14D6991DB237081C79055C6511BB7BA.udd" 682
"C:/Users/CHADALAK/AppData/Local/UnrealEngine/Common/DerivedDataCache/9/3/6/TEXTURE_814DCC3DC72143F49509781513CB9855_AUTODXT_564994B043AFB12A4201A09AEC2BA__55B17305B2EAFEA0A537620FEE8D75B672EDFA03.udd" 683
"C:/Users/CHADALAK/AppData/Local/UnrealEngine/Common/DerivedDataCache/6/6/4/TEXTURE_814DCC3DC72143F49509781513CB9855_AUTODXT_E418A21449D4E1B903D122B18D88B__F0C9F89A87B5297084AAE0F3553E56F2C69C6553.udd" 684
"C:/Users/CHADALAK/AppData/Local/UnrealEngine/Common/DerivedDataCache/4/0/3/TEXTURE_814DCC3DC72143F49509781513CB9855_AUTODXT_1897002A4A32369D9BC93B883FC8C__AF6CD13474F664E3AA4701B16A86ED914CF7658C.udd" 685
"C:/Users/CHADALAK/AppData/Local/UnrealEngine/Common/DerivedDataCache/2/3/2/TEXTURE_814DCC3DC72143F49509781513CB9855_AUTODXT_E418A21449D4E1B903D122B18D88B__6E0674096DB9F0BE7F726AEF4BCCAB8A3AAB4136.udd" 686
"C:/Users/CHADALAK/AppData/Local/UnrealEngine/Common/DerivedDataCache/6/4/1/TEXTURE_814DCC3DC72143F49509781513CB9855_AUTODXT_564994B043AFB12A4201A09AEC2BA__683DCA27F54EEDE53BE44E9B0B3B9B8B00D0C7E1.udd" 687
"C:/Users/CHADALAK/AppData/Local/UnrealEngine/Common/DerivedDataCache/4/0/0/TEXTURE_814DCC3DC72143F49509781513CB9855_DXT1_39086D4F469D47338BE6EA9AE1B4A72F__D0C3FDF15FBCE1EBD31C0866CF6DE3FE940EEBAC.udd" 688
"C:/Users/CHADALAK/AppData/Local/UnrealEngine/Common/DerivedDataCache/3/4/9/TEXTURE_814DCC3DC72143F49509781513CB9855_DXT1_3B4883D946C605AAA8D0E69132E3A0B5__A5E3EFE006CC6546A0BFFD06836F05AE2CEB0454.udd" 689
"C:/Users/CHADALAK/AppData/Local/UnrealEngine/Common/DerivedDataCache/1/4/4/TEXTURE_814DCC3DC72143F49509781513CB9855_DXT1_DFCDFE0644FD304BFEEFCFB501912F76__ED775184C8A8D02C6D30BA31397B09FEAD01E85F.udd" 690
"C:/Users/CHADALAK/AppData/Local/UnrealEngine/Common/DerivedDataCache/6/7/2/TEXTURE_814DCC3DC72143F49509781513CB9855_DXT1_39086D4F469D47338BE6EA9AE1B4A72F__D13C3536CB7B843DEA345903876D7A8E475CB510.udd" 691
"C:/Users/CHADALAK/AppData/Local/UnrealEngine/Common/DerivedDataCache/0/3/0/TEXTURE_814DCC3DC72143F49509781513CB9855_DXT1_DFCDFE0644FD304BFEEFCFB501912F76__6E499E8876F1CCBB028553FF625297DB3E21E052.udd" 692
"C:/Users/CHADALAK/AppData/Local/UnrealEngine/Common/DerivedDataCache/9/0/5/TEXTURE_814DCC3DC72143F49509781513CB9855_AUTODXT_1897002A4A32369D9BC93B883FC8C__7E42A6469683593286624E8C5639B3DB3CF14B0B.udd" 693
"C:/Users/CHADALAK/AppData/Local/UnrealEngine/Common/DerivedDataCache/7/0/6/TEXTURE_814DCC3DC72143F49509781513CB9855_AUTODXT_1897002A4A32369D9BC93B883FC8C__80991C66D3DB6BB05AA8F6533CF4885A9F732091.udd" 694
"C:/Users/CHADALAK/AppData/Local/UnrealEngine/Common/DerivedDataCache/5/5/2/TEXTURE_814DCC3DC72143F49509781513CB9855_DXT1_39086D4F469D47338BE6EA9AE1B4A72F__A76B513DFFA677553213BF93015D3D0804095D1C.udd" 695
"C:/Users/CHADALAK/AppData/Local/UnrealEngine/Common/DerivedDataCache/8/5/0/TEXTURE_814DCC3DC72143F49509781513CB9855_DXT1_5E71B1184F9B6ADC203D7FA81B25A17F__E717893E0D8F308076394DB3483E64C82756DF3C.udd" 696
"C:/Users/CHADALAK/AppData/Local/UnrealEngine/Common/DerivedDataCache/9/6/6/TEXTURE_814DCC3DC72143F49509781513CB9855_DXT1_39086D4F469D47338BE6EA9AE1B4A72F__DE0184B4608862723B6151AD530CD0F2B5B32F30.udd" 697
"C:/Users/CHADALAK/AppData/Local/UnrealEngine/Common/DerivedDataCache/6/8/1/TEXTURE_814DCC3DC72143F49509781513CB9855_DXT1_7ABEA7124AEE9DCBB6E6F4962973E6D1__2291D958B7B0F6354B65F9BE69ADD44F2B9C8AD5.udd" 698
"C:/Users/CHADALAK/AppData/Local/UnrealEngine/Common/DerivedDataCache/9/1/0/TEXTURE_814DCC3DC72143F49509781513CB9855_DXT1_7ABEA7124AEE9DCBB6E6F4962973E6D1__13C001EDFCB4F9210F8CABC6CCD4F0066180D373.udd" 699
"C:/Users/CHADALAK/AppData/Local/UnrealEngine/Common/DerivedDataCache/7/3/9/TEXTURE_814DCC3DC72143F49509781513CB9855_DXT1_5E71B1184F9B6ADC203D7FA81B25A17F__D883A793383590EAD23DEC9C832BB2AEE541AF1E.udd" 700
"C:/Users/CHADALAK/AppData/Local/UnrealEngine/Common/DerivedDataCache/9/0/6/TEXTURE_814DCC3DC72143F49509781513CB9855_DXT1_DFCDFE0644FD304BFEEFCFB501912F76__0261F4DA3A03758283D9B2EDC0DB39B68C2E9D16.udd" 701
"C:/Users/CHADALAK/AppData/Local/UnrealEngine/Common/DerivedDataCache/1/2/3/TEXTURE_814DCC3DC72143F49509781513CB9855_DXT1_5E71B1184F9B6ADC203D7FA81B25A17F__CF17B8373A6E244BE6F2B7690D008DF21EC5644D.udd" 702
"C:/Users/CHADALAK/AppData/Local/UnrealEngine/Common/DerivedDataCache/0/5/7/TEXTURE_814DCC3DC72143F49509781513CB9855_DXT1_7ABEA7124AEE9DCBB6E6F4962973E6D1__A85BE4C6E3F58BA50645DCBABBB3DA417574FF3B.udd" 703
"C:/Users/CHADALAK/AppData/Local/UnrealEngine/Common/DerivedDataCache/7/3/2/TEXTURE_814DCC3DC72143F49509781513CB9855_DXT1_5E71B1184F9B6ADC203D7FA81B25A17F__B77749F111C1FDCB622064C407977F866AF00DF3.udd" 704
"C:/Users/CHADALAK/AppData/Local/UnrealEngine/Common/DerivedDataCache/0/0/0/TEXTURE_814DCC3DC72143F49509781513CB9855_DXT1_DFCDFE0644FD304BFEEFCFB501912F76__ED09DFC0721F75FE94EF0D1BB2DD3E1F3DD78314.udd" 705
"C:/Users/CHADALAK/AppData/Local/UnrealEngine/Common/DerivedDataCache/9/6/9/TEXTURE_814DCC3DC72143F49509781513CB9855_DXT1_7594BD34445D5058293396B815DA9F66__B0B69FD9D9C2AF923461EC53A2E8184A4CB4E986.udd" 706
"C:/Users/CHADALAK/AppData/Local/UnrealEngine/Common/DerivedDataCache/6/6/8/TEXTURE_814DCC3DC72143F49509781513CB9855_DXT1_DFCDFE0644FD304BFEEFCFB501912F76__B6F5CC99CD7A97100EA8E4042259A66A870DA9D1.udd" 707
"C:/Users/CHADALAK/AppData/Local/UnrealEngine/Common/DerivedDataCache/9/2/0/TEXTURE_814DCC3DC72143F49509781513CB9855_DXT1_7ABEA7124AEE9DCBB6E6F4962973E6D1__963503FF87880FEB948EB3700FDD3F8B90AD244D.udd" 708
"C:/Users/CHADALAK/AppData/Local/UnrealEngine/Common/DerivedDataCache/4/5/5/TEXTURE_814DCC3DC72143F49509781513CB9855_DXT1_2FEB0BB448ABD884A0751BA3F72D7729__162FCC4C043D4EB025471AB81E72F64E3418FB47.udd" 709
"C:/Users/CHADALAK/AppData/Local/UnrealEngine/Common/DerivedDataCache/5/1/3/TEXTURE_814DCC3DC72143F49509781513CB9855_BGRA8_201F36474FBE427DF4E0B5B0B29BC93__34CE33447CB8D101DA02C86690637A3FD49FD772.udd" 710
"C:/Users/CHADALAK/AppData/Local/UnrealEngine/Common/DerivedDataCache/9/5/4/TEXTURE_814DCC3DC72143F49509781513CB9855_BGRA8_201F36474FBE427DF4E0B5B0B29BC93__AC37D1B89D4A82703E5F984F9245A4E2DB6ECB3E.udd" 711
"C:/Users/CHADALAK/AppData/Local/UnrealEngine/Common/DerivedDataCache/0/8/4/TEXTURE_814DCC3DC72143F49509781513CB9855_DXT1_2FEB0BB448ABD884A0751BA3F72D7729__76D3F3790B206AA0D3BD43E13F25C88C97B7B7FA.udd" 712
"C:/Users/CHADALAK/AppData/Local/UnrealEngine/Common/DerivedDataCache/7/9/8/TEXTURE_814DCC3DC72143F49509781513CB9855_DXT1_7594BD34445D5058293396B815DA9F66__074B988C82B617BEE44B942C0B774DD284381C79.udd" 713
"C:/Users/CHADALAK/AppData/Local/UnrealEngine/Common/DerivedDataCache/7/8/9/TEXTURE_814DCC3DC72143F49509781513CB9855_DXT1_2FEB0BB448ABD884A0751BA3F72D7729__B1555CA8705982F0CB1CD806852785D2AC8CA0AC.udd" 714
"C:/Users/CHADALAK/AppData/Local/UnrealEngine/Common/DerivedDataCache/9/5/7/TEXTURE_814DCC3DC72143F49509781513CB9855_DXT1_2FEB0BB448ABD884A0751BA3F72D7729__0E89E666EF7706A888AC2E22418B69BD4C0846FD.udd" 715
"C:/Users/CHADALAK/AppData/Local/UnrealEngine/Common/DerivedDataCache/4/9/5/TEXTURE_814DCC3DC72143F49509781513CB9855_BGRA8_7884C6364B85557C3E49DE9E0F102EA__E3EA3AAD4060F3D25D73D9A2782F03087DCCE260.udd" 716
"C:/Users/CHADALAK/AppData/Local/UnrealEngine/Common/DerivedDataCache/8/6/4/TEXTURE_814DCC3DC72143F49509781513CB9855_BGRA8_7884C6364B85557C3E49DE9E0F102EA__9163BDD861DAB742D665FCCB1B70B08E52F5268F.udd" 717
"C:/Users/CHADALAK/AppData/Local/UnrealEngine/Common/DerivedDataCache/3/1/3/TEXTURE_814DCC3DC72143F49509781513CB9855_DXT1_7594BD34445D5058293396B815DA9F66__728FEE610DFABFC7D1F249F6745A7D5F362013A4.udd" 718
"C:/Users/CHADALAK/AppData/Local/UnrealEngine/Common/DerivedDataCache/5/2/2/TEXTURE_814DCC3DC72143F49509781513CB9855_BGRA8_201F36474FBE427DF4E0B5B0B29BC93__B74821D797F256634A738BAE63FBD298E0526E92.udd" 719
"C:/Users/CHADALAK/AppData/Local/UnrealEngine/Common/DerivedDataCache/0/0/4/TEXTURE_814DCC3DC72143F49509781513CB9855_DXT1_7594BD34445D5058293396B815DA9F66__51D06691C880250139118817185EA4897F47447C.udd" 720
"C:/Users/CHADALAK/AppData/Local/UnrealEngine/Common/DerivedDataCache/3/8/0/TEXTURE_814DCC3DC72143F49509781513CB9855_BGRA8_FEC1665644D13EB308B897A84216752__B392119F5EB040CF6922F8345749512BFC08EA1F.udd" 721
"C:/Users/CHADALAK/AppData/Local/UnrealEngine/Common/DerivedDataCache/9/2/3/TEXTURE_814DCC3DC72143F49509781513CB9855_BGRA8_7884C6364B85557C3E49DE9E0F102EA__DE1E60BF2D846B643E27EA7D964BC9001BDE70C9.udd" 722
"C:/Users/CHADALAK/AppData/Local/UnrealEngine/Common/DerivedDataCache/3/0/2/TEXTURE_814DCC3DC72143F49509781513CB9855_BGRA8_FEC1665644D13EB308B897A84216752__54D389EBFDDDEADCBAE91AC34E9A8B2B853D6EAC.udd" 723
"C:/Users/CHADALAK/AppData/Local/UnrealEngine/Common/DerivedDataCache/6/2/7/TEXTURE_814DCC3DC72143F49509781513CB9855_BGRA8_7884C6364B85557C3E49DE9E0F102EA__46AD15A8A47AD2042FFF0133657FB744E6606982.udd" 724
"C:/Users/CHADALAK/AppData/Local/UnrealEngine/Common/DerivedDataCache/6/3/7/TEXTURE_814DCC3DC72143F49509781513CB9855_BGRA8_201F36474FBE427DF4E0B5B0B29BC93__6F8E6D419BC74AA1C485A37AF0378F3E49893F00.udd" 725
"C:/Users/CHADALAK/AppData/Local/UnrealEngine/Common/DerivedDataCache/3/1/0/TEXTURE_814DCC3DC72143F49509781513CB9855_BGRA8_2FEC5FF04448CDC222BFD9A3FD3EE0E__0FFEA1EC984C4E26ECBF38D7340D54390A822AB2.udd" 726
"C:/Users/CHADALAK/AppData/Local/UnrealEngine/Common/DerivedDataCache/2/5/2/TEXTURE_814DCC3DC72143F49509781513CB9855_BGRA8_CA8DF2D1473461456CF66E88F7E0E5C__1AEC05CDB0F0BA992D1382ECCBBC9EB490376E5E.udd" 727
"C:/Users/CHADALAK/AppData/Local/UnrealEngine/Common/DerivedDataCache/8/1/3/TEXTURE_814DCC3DC72143F49509781513CB9855_BGRA8_CA8DF2D1473461456CF66E88F7E0E5C__94622AE82529C711F52C39BB1DBE635B70470842.udd" 728
"C:/Users/CHADALAK/AppData/Local/UnrealEngine/Common/DerivedDataCache/8/5/1/TEXTURE_814DCC3DC72143F49509781513CB9855_BGRA8_100CB8C44F44B1B03A574CAE64316D4__4E3C03F17DFD9843B60C13A227358BF7FBA43CEF.udd" 729
"C:/Users/CHADALAK/AppData/Local/UnrealEngine/Common/DerivedDataCache/2/8/6/TEXTURE_814DCC3DC72143F49509781513CB9855_BGRA8_100CB8C44F44B1B03A574CAE64316D4__6E6DA94CFFD1D638086B3F1E86B0B55C78B487B8.udd" 730
"C:/Users/CHADALAK/AppData/Local/UnrealEngine/Common/DerivedDataCache/5/2/9/TEXTURE_814DCC3DC72143F49509781513CB9855_BGRA8_FEC1665644D13EB308B897A84216752__277E40A7656CF9BB317CCC3E5BAB1854C857CD12.udd" 731
"C:/Users/CHADALAK/AppData/Local/UnrealEngine/Common/DerivedDataCache/9/2/3/TEXTURE_814DCC3DC72143F49509781513CB9855_BGRA8_100CB8C44F44B1B03A574CAE64316D4__C32B3D9D9B97E9EE6A2E7564962004E6961E2364.udd" 732
"C:/Users/CHADALAK/AppData/Local/UnrealEngine/Common/DerivedDataCache/9/8/6/TEXTURE_814DCC3DC72143F49509781513CB9855_BGRA8_FEC1665644D13EB308B897A84216752__62D23F64D9FD306E805FE45D20417ADBCE97B3E5.udd" 733
"C:/Users/CHADALAK/AppData/Local/UnrealEngine/Common/DerivedDataCache/2/6/5/TEXTURE_814DCC3DC72143F49509781513CB9855_BGRA8_100CB8C44F44B1B03A574CAE64316D4__39C7F855CF170D7C0DB66116821F4F16DF5DAEAA.udd" 734
"C:/Users/CHADALAK/AppData/Local/UnrealEngine/Common/DerivedDataCache/2/2/1/TEXTURE_814DCC3DC72143F49509781513CB9855_BGRA8_D1C1F0764CFC30D176186D9E96270B3__400F32EE0D9F6A840070DC899E08B12BCA9C9A42.udd" 735
"C:/Users/CHADALAK/AppData/Local/UnrealEngine/Common/DerivedDataCache/3/1/5/TEXTURE_814DCC3DC72143F49509781513CB9855_AUTODXT_F4D29FF047514A499AD22A809113D__8C57ECD2C368793E02B7AE981623F3253E66D01C.udd" 736
"C:/Users/CHADALAK/AppData/Local/UnrealEngine/Common/DerivedDataCache/1/0/2/TEXTURE_814DCC3DC72143F49509781513CB9855_BGRA8_D1C1F0764CFC30D176186D9E96270B3__11F93F456480070EFA99AA410E944CF614978AE5.udd" 737
"C:/Users/CHADALAK/AppData/Local/UnrealEngine/Common/DerivedDataCache/1/5/9/TEXTURE_814DCC3DC72143F49509781513CB9855_AUTODXT_F4D29FF047514A499AD22A809113D__1B0814B20AA167CD7C99FD21414A9DFD5D07EB11.udd" 738
"C:/Users/CHADALAK/AppData/Local/UnrealEngine/Common/DerivedDataCache/5/5/8/TEXTURE_814DCC3DC72143F49509781513CB9855_AUTODXT_F4D29FF047514A499AD22A809113D__5CF9C579F3D3834014A434570BC183F3E00F6348.udd" 739
"C:/Users/CHADALAK/AppData/Local/UnrealEngine/Common/DerivedDataCache/7/9/1/TEXTURE_814DCC3DC72143F49509781513CB9855_BGRA8_D1C1F0764CFC30D176186D9E96270B3__5000F8CF39B0EB7AC21C5FA63FFF1AD27A70973F.udd" 740
"C:/Users/CHADALAK/AppData/Local/UnrealEngine/Common/DerivedDataCache/3/4/5/TEXTURE_814DCC3DC72143F49509781513CB9855_BGRA8_D1C1F0764CFC30D176186D9E96270B3__CC2EA4ABBF811737615D821982C74AFD9F2B7790.udd" 741
"C:/Users/CHADALAK/AppData/Local/UnrealEngine/Common/DerivedDataCache/2/4/6/TEXTURE_814DCC3DC72143F49509781513CB9855_AUTODXT_68BB6F354C1907339A4B65960FDBF__5566B49949EBDBEDF876551111FE2706E9DEEF64.udd" 742
"C:/Users/CHADALAK/AppData/Local/UnrealEngine/Common/DerivedDataCache/6/4/4/TEXTURE_814DCC3DC72143F49509781513CB9855_AUTODXT_F4D29FF047514A499AD22A809113D__E54735E85E5901C8CDE3B9AF1FAB97E7FA454D60.udd" 743
"C:/Users/CHADALAK/AppData/Local/UnrealEngine/Common/DerivedDataCache/9/3/0/TEXTURE_814DCC3DC72143F49509781513CB9855_AUTODXT_68BB6F354C1907339A4B65960FDBF__2D10A2416509104C91952F0325321C3800F3A973.udd" 744
"C:/Users/CHADALAK/AppData/Local/UnrealEngine/Common/DerivedDataCache/6/5/5/TEXTURE_814DCC3DC72143F49509781513CB9855_AUTODXT_F4D29FF047514A499AD22A809113D__33FC279F022E641E8CD4AB920D3F7D388B08EBE5.udd" 745
"C:/Users/CHADALAK/AppData/Local/UnrealEngine/Common/DerivedDataCache/9/4/2/TEXTURE_814DCC3DC72143F49509781513CB9855_BGRA8_CA8DF2D1473461456CF66E88F7E0E5C__0C2791BF787A0E6E952B6E45470E8459EDD97A06.udd" 746
"C:/Users/CHADALAK/AppData/Local/UnrealEngine/Common/DerivedDataCache/7/9/8/TEXTURE_814DCC3DC72143F49509781513CB9855_AUTODXT_68BB6F354C1907339A4B65960FDBF__3648FD849F9D5FDB6617F875FE680FA1A17005E8.udd" 747
"C:/Users/CHADALAK/AppData/Local/UnrealEngine/Common/DerivedDataCache/6/4/9/TEXTURE_814DCC3DC72143F49509781513CB9855_AUTODXT_D4ACF24F4C5CCAD7AB84789611AAB__72E77B4409CCA05F584ABFAC162E72C563BEC979.udd" 748
"C:/Users/CHADALAK/AppData/Local/UnrealEngine/Common/DerivedDataCache/9/9/5/TEXTURE_814DCC3DC72143F49509781513CB9855_AUTODXT_D4ACF24F4C5CCAD7AB84789611AAB__D980B768AA1ED96670FF20A81812FAEABD733740.udd" 749
"C:/Users/CHADALAK/AppData/Local/UnrealEngine/Common/DerivedDataCache/3/5/7/TEXTURE_814DCC3DC72143F49509781513CB9855_AUTODXT_68BB6F354C1907339A4B65960FDBF__E5E13EF874577415DE75E5E1C2B30E5E69010AA7.udd" 750
"C:/Users/CHADALAK/AppData/Local/UnrealEngine/Common/DerivedDataCache/9/3/0/TEXTURE_814DCC3DC72143F49509781513CB9855_AUTODXT_5C12C2244B01A1438DA227915E154__9442B7A23426BB5E70C88784672C02E30153C83F.udd" 751
"C:/Users/CHADALAK/AppData/Local/UnrealEngine/Common/DerivedDataCache/6/2/5/TEXTURE_814DCC3DC72143F49509781513CB9855_AUTODXT_5C12C2244B01A1438DA227915E154__E25791907DD8AD6D21534295116AAA501AB88349.udd" 752
"C:/Users/CHADALAK/AppData/Local/UnrealEngine/Common/DerivedDataCache/2/2/6/TEXTURE_814DCC3DC72143F49509781513CB9855_AUTODXT_D4ACF24F4C5CCAD7AB84789611AAB__36A516EE8B5CF3E6939EF2A195DD6540CA3CD9BA.udd" 753
"C:/Users/CHADALAK/AppData/Local/UnrealEngine/Common/DerivedDataCache/3/3/8/TEXTURE_814DCC3DC72143F49509781513CB9855_AUTODXT_D4ACF24F4C5CCAD7AB84789611AAB__2F77F482ECAF32A1B1C62F73D72D52B23557919A.udd" 754
"C:/Users/CHADALAK/AppData/Local/UnrealEngine/Common/DerivedDataCache/7/0/6/TEXTURE_814DCC3DC72143F49509781513CB9855_AUTODXT_6A53713246687D04516D7C9C30A32__F43BAD186F3124ED3BE42537CB917570BFE96DFD.udd" 755
"C:/Users/CHADALAK/AppData/Local/UnrealEngine/Common/DerivedDataCache/4/5/1/TEXTURE_814DCC3DC72143F49509781513CB9855_AUTODXT_5C12C2244B01A1438DA227915E154__9FE8BABA496C1611909F6BBF1F1F986505DB976A.udd" 756
"C:/Users/CHADALAK/AppData/Local/UnrealEngine/Common/DerivedDataCache/7/2/7/TEXTURE_814DCC3DC72143F49509781513CB9855_AUTODXT_5C12C2244B01A1438DA227915E154__07B4B66892ABD3ED60F1D129D8740DC8FBED599E.udd" 757
"C:/Users/CHADALAK/AppData/Local/UnrealEngine/Common/DerivedDataCache/2/6/8/TEXTURE_814DCC3DC72143F49509781513CB9855_AUTODXT_F9F8934642053116674F6C92F06C7__19F52720DA81CC462F8012DB0244C5AB9747F4FD.udd" 758
"C:/Users/CHADALAK/AppData/Local/UnrealEngine/Common/DerivedDataCache/7/4/8/TEXTURE_814DCC3DC72143F49509781513CB9855_BGRA8_CA8DF2D1473461456CF66E88F7E0E5C__8E9E7789C280E295730A3077959294DFAF4EC984.udd" 759
"C:/Users/CHADALAK/AppData/Local/UnrealEngine/Common/DerivedDataCache/5/5/0/TEXTURE_814DCC3DC72143F49509781513CB9855_AUTODXT_F9F8934642053116674F6C92F06C7__5EFB9975C5A24D70B2663C8E32E06506084579F3.udd" 760
"C:/Users/CHADALAK/AppData/Local/UnrealEngine/Common/DerivedDataCache/1/6/0/TEXTURE_814DCC3DC72143F49509781513CB9855_AUTODXT_6A53713246687D04516D7C9C30A32__6E7AFDD507E5991FCE740835D555672CBAA29577.udd" 761
"C:/Users/CHADALAK/AppData/Local/UnrealEngine/Common/DerivedDataCache/7/8/7/TEXTURE_814DCC3DC72143F49509781513CB9855_BGRA8_CA8DF2D1473461456CF66E88F7E0E5C__025BB9644F8DE299FEC3FDFB798C81DB2839D4DC.udd" 762
"C:/Users/CHADALAK/AppData/Local/UnrealEngine/Common/DerivedDataCache/2/1/0/TEXTURE_814DCC3DC72143F49509781513CB9855_AUTODXT_F9F8934642053116674F6C92F06C7__64A300B2D820EE162E31BB3ACA0A6D40D203F1ED.udd" 763
"C:/Users/CHADALAK/AppData/Local/UnrealEngine/Common/DerivedDataCache/4/4/6/TEXTURE_814DCC3DC72143F49509781513CB9855_AUTODXT_C95B09144D68578DF8A6A68A26F85__78729C1A751A1AC4096A687070FD6F8A163D86F9.udd" 764
"C:/Users/CHADALAK/AppData/Local/UnrealEngine/Common/DerivedDataCache/0/8/9/TEXTURE_814DCC3DC72143F49509781513CB9855_AUTODXT_F9F8934642053116674F6C92F06C7__255A8A77891DE488A593C147C0CC3FD269108A37.udd" 765
"C:/Users/CHADALAK/AppData/Local/UnrealEngine/Common/DerivedDataCache/9/2/5/TEXTURE_814DCC3DC72143F49509781513CB9855_AUTODXT_6A53713246687D04516D7C9C30A32__5834B6811B7F0977761910BF3BC3B67408473A39.udd" 766
"C:/Users/CHADALAK/AppData/Local/UnrealEngine/Common/DerivedDataCache/2/4/6/TEXTURE_814DCC3DC72143F49509781513CB9855_AUTODXT_6A53713246687D04516D7C9C30A32__E969B52D512375D6FC45299CA93484E40ADEA6E7.udd" 767
"../../../Engine/Content/EditorResources/EmptyActor.uasset" 768
"../../../Engine/Content/MobileResources/T_MobileControls_texture.uasset" 769
"../../../Engine/Content/Maps/Entry.umap" 770
"../../../Engine/Content/EngineMaterials/DefaultNormal.uasset" 771
"C:/Users/CHADALAK/AppData/Local/UnrealEngine/Common/DerivedDataCache/7/9/8/TEXTURE_814DCC3DC72143F49509781513CB9855_AUTODXT_DF7449974D4B5273A254678E23465__BCAB20208CEE747ABD6893A97A34AA9CD8246ADF.udd" 772
"C:/Users/CHADALAK/AppData/Local/UnrealEngine/Common/DerivedDataCache/6/0/8/TEXTURE_814DCC3DC72143F49509781513CB9855_AUTODXT_DF7449974D4B5273A254678E23465__D3DB24EF62050AC9B9828650EC83F6CBBA2E3D97.udd" 773
"C:/Users/CHADALAK/AppData/Local/UnrealEngine/Common/DerivedDataCache/8/7/2/TEXTURE_814DCC3DC72143F49509781513CB9855_AUTODXT_DF7449974D4B5273A254678E23465__20EBF6D48B84ED5CAFC07F77A476CDAE44955C57.udd" 774
"C:/Users/CHADALAK/AppData/Local/UnrealEngine/Common/DerivedDataCache/9/7/9/TEXTURE_814DCC3DC72143F49509781513CB9855_AUTODXT_DF7449974D4B5273A254678E23465__B4F3D5740DFF65A5EF9A0F0A341284BB7CBDCD72.udd" 775
"../../../Engine/Content/MobileResources/HUD/MobileHUDButton2_off.uasset" 776
"../../../Engine/Content/MobileResources/HUD/MobileHUDButton1_on.uasset" 777
"../../../Engine/Content/MobileResources/HUD/MobileHUDButton3.uasset" 778
"../../../Engine/Content/MobileResources/HUD/LeftVirtualJoystickOnly.uasset" 779
"../../../Engine/Content/MobileResources/T_MobileMenu2.uasset" 780
"../../../Engine/Content/MobileResources/HUD/MobileHUDButtonFire.uasset" 781
"C:/Users/CHADALAK/AppData/Local/UnrealEngine/Common/DerivedDataCache/5/0/4/TEXTURE_814DCC3DC72143F49509781513CB9855_BC5_F5AD01814143984FF5A58A8121F0A498___012EE27D8B9002943930838ABAA51DEEBE2C4689.udd" 782
"C:/Users/CHADALAK/AppData/Local/UnrealEngine/Common/DerivedDataCache/0/3/9/TEXTURE_814DCC3DC72143F49509781513CB9855_BC5_F5AD01814143984FF5A58A8121F0A498___7AD7BB5B5CF6A22D7DBC5797651781D349C9E4FE.udd" 783
"C:/Users/CHADALAK/AppData/Local/UnrealEngine/Common/DerivedDataCache/9/8/2/TEXTURE_814DCC3DC72143F49509781513CB9855_BC5_F5AD01814143984FF5A58A8121F0A498___6158A2529C54B83BFF937DD84A9AFD3F29019E34.udd" 784
"C:/Users/CHADALAK/AppData/Local/UnrealEngine/Common/DerivedDataCache/5/8/0/TEXTURE_814DCC3DC72143F49509781513CB9855_BC5_F5AD01814143984FF5A58A8121F0A498___5F37A16126F3746CA993F561EF4A5E03B2EA085B.udd" 785
"../../../Engine/Content/MobileResources/HUD/MobileHUDButton1_off.uasset" 786
"../../../Engine/Content/MobileResources/HUD/MobileHUDButton2_on.uasset" 787
"../../../../../../Users/CHADALAK/Documents/GitHub/Game/TitanBots/Saved/Stats/2015.10.20-18.53.16Stats.csv" 788
"..\..\..\Engine\Content\Internationalization\icudt53l\windowsZones.res" 789
"..\..\..\Engine\Content\Internationalization\icudt53l\zoneinfo64.res" 790
"..\..\..\Engine\Content\Internationalization\icudt53l\keyTypeData.res" 791
"..\..\..\Engine\Content\Internationalization\icudt53l\timezoneTypes.res" 792
"..\..\..\Engine\Content\Internationalization\icudt53l\supplementalData.res" 793
"..\..\..\Engine\Content\Internationalization\icudt53l\likelySubtags.res" 794
